{"meta": {"format": 3, "version": "7.9.1", "timestamp": "2025-10-17T20:18:10.285815", "branch_coverage": false, "show_contexts": false}, "files": {"src/__init__.py": {"executed_lines": [1, 7, 9], "summary": {"covered_lines": 2, "num_statements": 2, "percent_covered": 100.0, "percent_covered_display": "100", "missing_lines": 0, "excluded_lines": 0}, "missing_lines": [], "excluded_lines": [], "functions": {"": {"executed_lines": [1, 7, 9], "summary": {"covered_lines": 2, "num_statements": 2, "percent_covered": 100.0, "percent_covered_display": "100", "missing_lines": 0, "excluded_lines": 0}, "missing_lines": [], "excluded_lines": []}}, "classes": {"": {"executed_lines": [1, 7, 9], "summary": {"covered_lines": 2, "num_statements": 2, "percent_covered": 100.0, "percent_covered_display": "100", "missing_lines": 0, "excluded_lines": 0}, "missing_lines": [], "excluded_lines": []}}}, "src/__main__.py": {"executed_lines": [], "summary": {"covered_lines": 0, "num_statements": 3, "percent_covered": 0.0, "percent_covered_display": "0", "missing_lines": 3, "excluded_lines": 0}, "missing_lines": [5, 7, 8], "excluded_lines": [], "functions": {"": {"executed_lines": [], "summary": {"covered_lines": 0, "num_statements": 3, "percent_covered": 0.0, "percent_covered_display": "0", "missing_lines": 3, "excluded_lines": 0}, "missing_lines": [5, 7, 8], "excluded_lines": []}}, "classes": {"": {"executed_lines": [], "summary": {"covered_lines": 0, "num_statements": 3, "percent_covered": 0.0, "percent_covered_display": "0", "missing_lines": 3, "excluded_lines": 0}, "missing_lines": [5, 7, 8], "excluded_lines": []}}}, "src/api/__init__.py": {"executed_lines": [1], "summary": {"covered_lines": 0, "num_statements": 0, "percent_covered": 100.0, "percent_covered_display": "100", "missing_lines": 0, "excluded_lines": 0}, "missing_lines": [], "excluded_lines": [], "functions": {"": {"executed_lines": [1], "summary": {"covered_lines": 0, "num_statements": 0, "percent_covered": 100.0, "percent_covered_display": "100", "missing_lines": 0, "excluded_lines": 0}, "missing_lines": [], "excluded_lines": []}}, "classes": {"": {"executed_lines": [1], "summary": {"covered_lines": 0, "num_statements": 0, "percent_covered": 100.0, "percent_covered_display": "100", "missing_lines": 0, "excluded_lines": 0}, "missing_lines": [], "excluded_lines": []}}}, "src/api/app.py": {"executed_lines": [1, 5, 6, 7, 8, 9, 10, 11, 12, 13, 16, 18, 21, 24, 26, 29, 34, 37, 39, 43, 45, 46, 48, 49, 50, 51, 53, 54, 55, 56, 59, 65, 66, 67, 68, 69, 70, 71, 72, 73, 76, 77, 79, 81, 87, 89, 92, 93, 94, 97, 98, 100, 101, 102, 104, 106, 107, 108, 109, 112, 115, 120, 123, 124, 127, 128, 138, 140, 142, 145, 146, 154, 156, 157, 158, 159, 160, 161, 162, 163, 165, 166, 167, 168, 169, 172, 179, 180, 183, 185, 187, 188, 191, 192, 193, 199, 200, 202, 203, 204, 211, 212, 213, 214, 218, 219, 220, 221, 223, 224, 225, 226, 227, 228, 231, 232, 233, 234, 239, 241, 246, 249, 251, 254, 258, 299, 306, 314, 316, 319, 321, 324, 327, 330, 340, 341, 345, 363, 371, 374, 383, 390, 393, 395, 399, 409, 410, 411, 413, 415, 416, 419, 422, 423, 430, 433, 445, 447, 449, 451, 452, 453, 463, 477, 480, 572, 573, 581, 584, 587], "summary": {"covered_lines": 168, "num_statements": 239, "percent_covered": 70.2928870292887, "percent_covered_display": "70", "missing_lines": 71, "excluded_lines": 0}, "missing_lines": [35, 40, 41, 62, 113, 116, 117, 134, 136, 143, 164, 170, 194, 195, 205, 206, 209, 230, 236, 242, 243, 244, 342, 375, 394, 396, 454, 455, 456, 469, 474, 475, 488, 490, 491, 493, 494, 497, 498, 499, 502, 503, 504, 506, 509, 512, 516, 519, 520, 522, 523, 524, 530, 533, 534, 541, 542, 545, 551, 553, 554, 562, 563, 565, 569, 589, 591, 592, 594, 597, 640], "excluded_lines": [], "functions": {"_ensure_database_ready": {"executed_lines": [34, 37, 39, 43, 45, 46, 48, 49, 50, 51, 53, 54, 55, 56], "summary": {"covered_lines": 14, "num_statements": 17, "percent_covered": 82.3529411764706, "percent_covered_display": "82", "missing_lines": 3, "excluded_lines": 0}, "missing_lines": [35, 40, 41], "excluded_lines": []}, "prepare_runtime": {"executed_lines": [], "summary": {"covered_lines": 0, "num_statements": 1, "percent_covered": 0.0, "percent_covered_display": "0", "missing_lines": 1, "excluded_lines": 0}, "missing_lines": [62], "excluded_lines": []}, "RequestLoggingMiddleware.dispatch": {"executed_lines": [81, 87, 89, 92, 93, 94, 97, 98, 100, 101, 102, 104, 106, 107, 108, 109, 112, 115, 120, 123, 124, 127, 128, 138], "summary": {"covered_lines": 24, "num_statements": 28, "percent_covered": 85.71428571428571, "percent_covered_display": "86", "missing_lines": 4, "excluded_lines": 0}, "missing_lines": [116, 117, 134, 136], "excluded_lines": []}, "RequestLoggingMiddleware.dispatch.receive": {"executed_lines": [], "summary": {"covered_lines": 0, "num_statements": 1, "percent_covered": 0.0, "percent_covered_display": "0", "missing_lines": 1, "excluded_lines": 0}, "missing_lines": [113], "excluded_lines": []}, "RequestLoggingMiddleware._mask_sensitive_data": {"executed_lines": [142, 145, 146, 154, 156, 157, 158, 159, 160, 161, 162, 163, 165, 166, 167, 168, 169, 172], "summary": {"covered_lines": 18, "num_statements": 21, "percent_covered": 85.71428571428571, "percent_covered_display": "86", "missing_lines": 3, "excluded_lines": 0}, "missing_lines": [143, 164, 170], "excluded_lines": []}, "lifespan": {"executed_lines": [183, 185, 187, 188, 191, 192, 193, 199, 200, 202, 203, 204, 211, 212, 213, 214, 218, 219, 220, 221, 223, 224, 225, 226, 227, 228, 231, 232, 233, 234, 239, 241, 246, 249, 251, 254], "summary": {"covered_lines": 36, "num_statements": 46, "percent_covered": 78.26086956521739, "percent_covered_display": "78", "missing_lines": 10, "excluded_lines": 0}, "missing_lines": [194, 195, 205, 206, 209, 230, 236, 242, 243, 244], "excluded_lines": []}, "custom_openapi": {"executed_lines": [341, 345, 363, 371, 374, 383, 390, 393, 395, 399, 409, 410, 411, 413, 415, 416], "summary": {"covered_lines": 16, "num_statements": 20, "percent_covered": 80.0, "percent_covered_display": "80", "missing_lines": 4, "excluded_lines": 0}, "missing_lines": [342, 375, 394, 396], "excluded_lines": []}, "health_check": {"executed_lines": [430, 433, 445, 447, 449, 451, 452, 453, 463, 477], "summary": {"covered_lines": 10, "num_statements": 16, "percent_covered": 62.5, "percent_covered_display": "62", "missing_lines": 6, "excluded_lines": 0}, "missing_lines": [454, 455, 456, 469, 474, 475], "excluded_lines": []}, "_handle_evolution_webhook": {"executed_lines": [], "summary": {"covered_lines": 0, "num_statements": 33, "percent_covered": 0.0, "percent_covered_display": "0", "missing_lines": 33, "excluded_lines": 0}, "missing_lines": [488, 490, 491, 493, 494, 497, 498, 499, 502, 503, 504, 506, 509, 512, 516, 519, 520, 522, 523, 524, 530, 533, 534, 541, 542, 545, 551, 553, 554, 562, 563, 565, 569], "excluded_lines": []}, "evolution_webhook_tenant": {"executed_lines": [581, 584], "summary": {"covered_lines": 2, "num_statements": 2, "percent_covered": 100.0, "percent_covered_display": "100", "missing_lines": 0, "excluded_lines": 0}, "missing_lines": [], "excluded_lines": []}, "start_api": {"executed_lines": [], "summary": {"covered_lines": 0, "num_statements": 6, "percent_covered": 0.0, "percent_covered_display": "0", "missing_lines": 6, "excluded_lines": 0}, "missing_lines": [589, 591, 592, 594, 597, 640], "excluded_lines": []}, "": {"executed_lines": [1, 5, 6, 7, 8, 9, 10, 11, 12, 13, 16, 18, 21, 24, 26, 29, 59, 65, 66, 67, 68, 69, 70, 71, 72, 73, 76, 77, 79, 140, 179, 180, 258, 299, 306, 314, 316, 319, 321, 324, 327, 330, 340, 419, 422, 423, 480, 572, 573, 587], "summary": {"covered_lines": 48, "num_statements": 48, "percent_covered": 100.0, "percent_covered_display": "100", "missing_lines": 0, "excluded_lines": 0}, "missing_lines": [], "excluded_lines": []}}, "classes": {"RequestLoggingMiddleware": {"executed_lines": [81, 87, 89, 92, 93, 94, 97, 98, 100, 101, 102, 104, 106, 107, 108, 109, 112, 115, 120, 123, 124, 127, 128, 138, 142, 145, 146, 154, 156, 157, 158, 159, 160, 161, 162, 163, 165, 166, 167, 168, 169, 172], "summary": {"covered_lines": 42, "num_statements": 50, "percent_covered": 84.0, "percent_covered_display": "84", "missing_lines": 8, "excluded_lines": 0}, "missing_lines": [113, 116, 117, 134, 136, 143, 164, 170], "excluded_lines": []}, "": {"executed_lines": [1, 5, 6, 7, 8, 9, 10, 11, 12, 13, 16, 18, 21, 24, 26, 29, 34, 37, 39, 43, 45, 46, 48, 49, 50, 51, 53, 54, 55, 56, 59, 65, 66, 67, 68, 69, 70, 71, 72, 73, 76, 77, 79, 140, 179, 180, 183, 185, 187, 188, 191, 192, 193, 199, 200, 202, 203, 204, 211, 212, 213, 214, 218, 219, 220, 221, 223, 224, 225, 226, 227, 228, 231, 232, 233, 234, 239, 241, 246, 249, 251, 254, 258, 299, 306, 314, 316, 319, 321, 324, 327, 330, 340, 341, 345, 363, 371, 374, 383, 390, 393, 395, 399, 409, 410, 411, 413, 415, 416, 419, 422, 423, 430, 433, 445, 447, 449, 451, 452, 453, 463, 477, 480, 572, 573, 581, 584, 587], "summary": {"covered_lines": 126, "num_statements": 189, "percent_covered": 66.66666666666667, "percent_covered_display": "67", "missing_lines": 63, "excluded_lines": 0}, "missing_lines": [35, 40, 41, 62, 194, 195, 205, 206, 209, 230, 236, 242, 243, 244, 342, 375, 394, 396, 454, 455, 456, 469, 474, 475, 488, 490, 491, 493, 494, 497, 498, 499, 502, 503, 504, 506, 509, 512, 516, 519, 520, 522, 523, 524, 530, 533, 534, 541, 542, 545, 551, 553, 554, 562, 563, 565, 569, 589, 591, 592, 594, 597, 640], "excluded_lines": []}}}, "src/api/app_backup.py": {"executed_lines": [], "summary": {"covered_lines": 0, "num_statements": 2, "percent_covered": 0.0, "percent_covered_display": "0", "missing_lines": 2, "excluded_lines": 0}, "missing_lines": [8, 11], "excluded_lines": [], "functions": {"": {"executed_lines": [], "summary": {"covered_lines": 0, "num_statements": 2, "percent_covered": 0.0, "percent_covered_display": "0", "missing_lines": 2, "excluded_lines": 0}, "missing_lines": [8, 11], "excluded_lines": []}}, "classes": {"": {"executed_lines": [], "summary": {"covered_lines": 0, "num_statements": 2, "percent_covered": 0.0, "percent_covered_display": "0", "missing_lines": 2, "excluded_lines": 0}, "missing_lines": [8, 11], "excluded_lines": []}}}, "src/api/deps.py": {"executed_lines": [1, 5, 6, 7, 8, 9, 10, 12, 13, 14, 17, 20, 23, 28, 29, 31, 32, 34, 35, 38, 52, 53, 54, 58, 61, 62, 82, 83, 84, 85, 87, 93, 94, 95, 102, 103, 105, 107, 108, 110, 111, 112, 118, 119, 121, 124, 125, 126, 127], "summary": {"covered_lines": 48, "num_statements": 52, "percent_covered": 92.3076923076923, "percent_covered_display": "92", "missing_lines": 4, "excluded_lines": 0}, "missing_lines": [24, 89, 90, 104], "excluded_lines": [], "functions": {"_create_get_database": {"executed_lines": [], "summary": {"covered_lines": 0, "num_statements": 1, "percent_covered": 0.0, "percent_covered_display": "0", "missing_lines": 1, "excluded_lines": 0}, "missing_lines": [24], "excluded_lines": []}, "_shared_get_database": {"executed_lines": [32], "summary": {"covered_lines": 1, "num_statements": 1, "percent_covered": 100.0, "percent_covered_display": "100", "missing_lines": 0, "excluded_lines": 0}, "missing_lines": [], "excluded_lines": []}, "get_instance_by_name": {"executed_lines": [52, 53, 54, 58], "summary": {"covered_lines": 4, "num_statements": 4, "percent_covered": 100.0, "percent_covered_display": "100", "missing_lines": 0, "excluded_lines": 0}, "missing_lines": [], "excluded_lines": []}, "_create_verify_api_key": {"executed_lines": [62, 121], "summary": {"covered_lines": 2, "num_statements": 2, "percent_covered": 100.0, "percent_covered_display": "100", "missing_lines": 0, "excluded_lines": 0}, "missing_lines": [], "excluded_lines": []}, "_create_verify_api_key._verify": {"executed_lines": [82, 83, 84, 85, 87, 93, 94, 95, 102, 107, 108, 110, 111, 112, 118, 119], "summary": {"covered_lines": 16, "num_statements": 18, "percent_covered": 88.88888888888889, "percent_covered_display": "89", "missing_lines": 2, "excluded_lines": 0}, "missing_lines": [89, 90], "excluded_lines": []}, "_create_verify_api_key._verify.mask_key": {"executed_lines": [103, 105], "summary": {"covered_lines": 2, "num_statements": 3, "percent_covered": 66.66666666666667, "percent_covered_display": "67", "missing_lines": 1, "excluded_lines": 0}, "missing_lines": [104], "excluded_lines": []}, "": {"executed_lines": [1, 5, 6, 7, 8, 9, 10, 12, 13, 14, 17, 20, 23, 28, 29, 31, 34, 35, 38, 61, 124, 125, 126, 127], "summary": {"covered_lines": 23, "num_statements": 23, "percent_covered": 100.0, "percent_covered_display": "100", "missing_lines": 0, "excluded_lines": 0}, "missing_lines": [], "excluded_lines": []}}, "classes": {"": {"executed_lines": [1, 5, 6, 7, 8, 9, 10, 12, 13, 14, 17, 20, 23, 28, 29, 31, 32, 34, 35, 38, 52, 53, 54, 58, 61, 62, 82, 83, 84, 85, 87, 93, 94, 95, 102, 103, 105, 107, 108, 110, 111, 112, 118, 119, 121, 124, 125, 126, 127], "summary": {"covered_lines": 48, "num_statements": 52, "percent_covered": 92.3076923076923, "percent_covered_display": "92", "missing_lines": 4, "excluded_lines": 0}, "missing_lines": [24, 89, 90, 104], "excluded_lines": []}}}, "src/api/routes/__init__.py": {"executed_lines": [1], "summary": {"covered_lines": 0, "num_statements": 0, "percent_covered": 100.0, "percent_covered_display": "100", "missing_lines": 0, "excluded_lines": 0}, "missing_lines": [], "excluded_lines": [], "functions": {"": {"executed_lines": [1], "summary": {"covered_lines": 0, "num_statements": 0, "percent_covered": 100.0, "percent_covered_display": "100", "missing_lines": 0, "excluded_lines": 0}, "missing_lines": [], "excluded_lines": []}}, "classes": {"": {"executed_lines": [1], "summary": {"covered_lines": 0, "num_statements": 0, "percent_covered": 100.0, "percent_covered_display": "100", "missing_lines": 0, "excluded_lines": 0}, "missing_lines": [], "excluded_lines": []}}}, "src/api/routes/access.py": {"executed_lines": [1, 7, 9, 10, 12, 13, 14, 16, 17, 18, 21, 24, 27, 28, 30, 31, 32, 35, 36, 38, 39, 40, 41, 43, 46, 47, 64, 65, 91, 92], "summary": {"covered_lines": 27, "num_statements": 47, "percent_covered": 57.4468085106383, "percent_covered_display": "57", "missing_lines": 20, "excluded_lines": 0}, "missing_lines": [54, 55, 56, 57, 58, 59, 60, 61, 71, 72, 78, 85, 86, 87, 88, 98, 99, 100, 101, 102], "excluded_lines": [], "functions": {"list_access_rules": {"executed_lines": [], "summary": {"covered_lines": 0, "num_statements": 8, "percent_covered": 0.0, "percent_covered_display": "0", "missing_lines": 8, "excluded_lines": 0}, "missing_lines": [54, 55, 56, 57, 58, 59, 60, 61], "excluded_lines": []}, "create_access_rule": {"executed_lines": [], "summary": {"covered_lines": 0, "num_statements": 7, "percent_covered": 0.0, "percent_covered_display": "0", "missing_lines": 7, "excluded_lines": 0}, "missing_lines": [71, 72, 78, 85, 86, 87, 88], "excluded_lines": []}, "delete_access_rule": {"executed_lines": [], "summary": {"covered_lines": 0, "num_statements": 5, "percent_covered": 0.0, "percent_covered_display": "0", "missing_lines": 5, "excluded_lines": 0}, "missing_lines": [98, 99, 100, 101, 102], "excluded_lines": []}, "": {"executed_lines": [1, 7, 9, 10, 12, 13, 14, 16, 17, 18, 21, 24, 27, 28, 30, 31, 32, 35, 36, 38, 39, 40, 41, 43, 46, 47, 64, 65, 91, 92], "summary": {"covered_lines": 27, "num_statements": 27, "percent_covered": 100.0, "percent_covered_display": "100", "missing_lines": 0, "excluded_lines": 0}, "missing_lines": [], "excluded_lines": []}}, "classes": {"AccessRuleCreate": {"executed_lines": [], "summary": {"covered_lines": 0, "num_statements": 0, "percent_covered": 100.0, "percent_covered_display": "100", "missing_lines": 0, "excluded_lines": 0}, "missing_lines": [], "excluded_lines": []}, "AccessRuleOut": {"executed_lines": [], "summary": {"covered_lines": 0, "num_statements": 0, "percent_covered": 100.0, "percent_covered_display": "100", "missing_lines": 0, "excluded_lines": 0}, "missing_lines": [], "excluded_lines": []}, "": {"executed_lines": [1, 7, 9, 10, 12, 13, 14, 16, 17, 18, 21, 24, 27, 28, 30, 31, 32, 35, 36, 38, 39, 40, 41, 43, 46, 47, 64, 65, 91, 92], "summary": {"covered_lines": 27, "num_statements": 47, "percent_covered": 57.4468085106383, "percent_covered_display": "57", "missing_lines": 20, "excluded_lines": 0}, "missing_lines": [54, 55, 56, 57, 58, 59, 60, 61, 71, 72, 78, 85, 86, 87, 88, 98, 99, 100, 101, 102], "excluded_lines": []}}}, "src/api/routes/instances.py": {"executed_lines": [1, 5, 6, 7, 8, 9, 10, 11, 13, 14, 15, 16, 17, 18, 20, 22, 25, 30, 36, 37, 38, 50, 51, 53, 54, 57, 58, 59, 60, 61, 64, 65, 66, 67, 68, 69, 72, 73, 74, 77, 78, 79, 80, 81, 84, 85, 88, 91, 92, 93, 96, 97, 99, 100, 101, 102, 103, 104, 107, 108, 109, 110, 111, 112, 114, 115, 116, 117, 118, 119, 120, 123, 124, 125, 126, 129, 130, 132, 133, 134, 135, 136, 137, 140, 141, 143, 144, 145, 146, 147, 148, 149, 150, 153, 154, 155, 156, 157, 158, 160, 161, 162, 163, 164, 165, 166, 167, 170, 171, 172, 174, 175, 176, 179, 180, 181, 182, 183, 186, 191, 199, 200, 202, 203, 208, 209, 214, 216, 219, 225, 226, 237, 249, 250, 253, 256, 257, 261, 262, 268, 269, 270, 276, 277, 282, 286, 289, 292, 293, 295, 296, 298, 299, 300, 301, 304, 305, 306, 314, 318, 319, 320, 323, 326, 328, 330, 331, 332, 336, 338, 339, 340, 345, 348, 349, 357, 359, 360, 361, 372, 373, 375, 413, 414, 449, 451, 454, 455, 462, 463, 464, 470, 508, 509, 510, 520, 521, 554, 557, 558, 565, 566, 573, 576, 577, 580, 586, 587, 589, 590, 592, 595, 596, 602, 603, 604, 610, 611, 612, 613, 614, 620, 621, 623, 626, 627, 633, 634, 635, 641, 642, 643, 644, 654, 655, 661, 662, 669, 670, 671, 672, 673, 675, 676, 682, 683, 715, 716, 748, 749, 755, 756, 757, 763, 764, 765, 768, 769, 771, 784, 785, 791, 792, 799, 800, 801, 804, 805, 807, 820, 821, 826, 828, 830, 832, 833, 834, 835, 837, 860], "summary": {"covered_lines": 275, "num_statements": 372, "percent_covered": 73.9247311827957, "percent_covered_display": "74", "missing_lines": 97, "excluded_lines": 0}, "missing_lines": [42, 43, 215, 220, 232, 243, 278, 279, 283, 294, 315, 324, 362, 363, 365, 368, 369, 418, 421, 422, 424, 427, 428, 431, 432, 433, 441, 445, 446, 447, 511, 512, 514, 517, 518, 525, 526, 527, 529, 532, 533, 536, 537, 538, 546, 550, 551, 552, 567, 581, 615, 616, 645, 646, 647, 648, 663, 674, 689, 690, 691, 697, 698, 699, 702, 703, 705, 706, 707, 708, 709, 722, 723, 724, 730, 731, 732, 735, 736, 738, 739, 740, 741, 742, 775, 776, 777, 778, 793, 811, 812, 813, 814, 847, 849, 865, 866], "excluded_lines": [], "functions": {"get_supported_channels": {"executed_lines": [36, 37, 38], "summary": {"covered_lines": 3, "num_statements": 5, "percent_covered": 60.0, "percent_covered_display": "60", "missing_lines": 2, "excluded_lines": 0}, "missing_lines": [42, 43], "excluded_lines": []}, "create_instance": {"executed_lines": [199, 200, 202, 203, 208, 209, 214, 216, 219, 225, 226, 237, 249, 250, 253, 256, 257, 261, 262, 268, 269, 270, 276, 277, 282, 286, 289, 292, 293, 295, 296, 298, 299, 300, 301, 304, 305, 306, 314, 318, 319, 320, 323, 326, 328, 330, 331, 332, 336, 338, 339, 340, 345], "summary": {"covered_lines": 53, "num_statements": 63, "percent_covered": 84.12698412698413, "percent_covered_display": "84", "missing_lines": 10, "excluded_lines": 0}, "missing_lines": [215, 220, 232, 243, 278, 279, 283, 294, 315, 324], "excluded_lines": []}, "list_instances": {"executed_lines": [357, 359, 360, 361, 372, 373, 375, 413, 414, 449, 451], "summary": {"covered_lines": 11, "num_statements": 29, "percent_covered": 37.93103448275862, "percent_covered_display": "38", "missing_lines": 18, "excluded_lines": 0}, "missing_lines": [362, 363, 365, 368, 369, 418, 421, 422, 424, 427, 428, 431, 432, 433, 441, 445, 446, 447], "excluded_lines": []}, "get_instance": {"executed_lines": [462, 463, 464, 470, 508, 509, 510, 520, 521, 554], "summary": {"covered_lines": 10, "num_statements": 28, "percent_covered": 35.714285714285715, "percent_covered_display": "36", "missing_lines": 18, "excluded_lines": 0}, "missing_lines": [511, 512, 514, 517, 518, 525, 526, 527, 529, 532, 533, 536, 537, 538, 546, 550, 551, 552], "excluded_lines": []}, "update_instance": {"executed_lines": [565, 566, 573, 576, 577, 580, 586, 587, 589, 590, 592], "summary": {"covered_lines": 11, "num_statements": 13, "percent_covered": 84.61538461538461, "percent_covered_display": "85", "missing_lines": 2, "excluded_lines": 0}, "missing_lines": [567, 581], "excluded_lines": []}, "delete_instance": {"executed_lines": [602, 603, 604, 610, 611, 612, 613, 614, 620, 621, 623], "summary": {"covered_lines": 11, "num_statements": 13, "percent_covered": 84.61538461538461, "percent_covered_display": "85", "missing_lines": 2, "excluded_lines": 0}, "missing_lines": [615, 616], "excluded_lines": []}, "get_qr_code": {"executed_lines": [633, 634, 635, 641, 642, 643, 644], "summary": {"covered_lines": 7, "num_statements": 11, "percent_covered": 63.63636363636363, "percent_covered_display": "64", "missing_lines": 4, "excluded_lines": 0}, "missing_lines": [645, 646, 647, 648], "excluded_lines": []}, "get_connection_status": {"executed_lines": [661, 662, 669, 670, 671, 672, 673, 675, 676], "summary": {"covered_lines": 9, "num_statements": 11, "percent_covered": 81.81818181818181, "percent_covered_display": "82", "missing_lines": 2, "excluded_lines": 0}, "missing_lines": [663, 674], "excluded_lines": []}, "connect_instance": {"executed_lines": [], "summary": {"covered_lines": 0, "num_statements": 13, "percent_covered": 0.0, "percent_covered_display": "0", "missing_lines": 13, "excluded_lines": 0}, "missing_lines": [689, 690, 691, 697, 698, 699, 702, 703, 705, 706, 707, 708, 709], "excluded_lines": []}, "disconnect_instance": {"executed_lines": [], "summary": {"covered_lines": 0, "num_statements": 13, "percent_covered": 0.0, "percent_covered_display": "0", "missing_lines": 13, "excluded_lines": 0}, "missing_lines": [722, 723, 724, 730, 731, 732, 735, 736, 738, 739, 740, 741, 742], "excluded_lines": []}, "restart_instance": {"executed_lines": [755, 756, 757, 763, 764, 765, 768, 769, 771], "summary": {"covered_lines": 9, "num_statements": 13, "percent_covered": 69.23076923076923, "percent_covered_display": "69", "missing_lines": 4, "excluded_lines": 0}, "missing_lines": [775, 776, 777, 778], "excluded_lines": []}, "logout_instance": {"executed_lines": [791, 792, 799, 800, 801, 804, 805, 807], "summary": {"covered_lines": 8, "num_statements": 13, "percent_covered": 61.53846153846154, "percent_covered_display": "62", "missing_lines": 5, "excluded_lines": 0}, "missing_lines": [793, 811, 812, 813, 814], "excluded_lines": []}, "discover_instances": {"executed_lines": [826, 828, 830, 832, 833, 834, 835, 837, 860], "summary": {"covered_lines": 9, "num_statements": 13, "percent_covered": 69.23076923076923, "percent_covered_display": "69", "missing_lines": 4, "excluded_lines": 0}, "missing_lines": [847, 849, 865, 866], "excluded_lines": []}, "": {"executed_lines": [1, 5, 6, 7, 8, 9, 10, 11, 13, 14, 15, 16, 17, 18, 20, 22, 25, 30, 50, 51, 53, 54, 57, 58, 59, 60, 61, 64, 65, 66, 67, 68, 69, 72, 73, 74, 77, 78, 79, 80, 81, 84, 85, 88, 91, 92, 93, 96, 97, 99, 100, 101, 102, 103, 104, 107, 108, 109, 110, 111, 112, 114, 115, 116, 117, 118, 119, 120, 123, 124, 125, 126, 129, 130, 132, 133, 134, 135, 136, 137, 140, 141, 143, 144, 145, 146, 147, 148, 149, 150, 153, 154, 155, 156, 157, 158, 160, 161, 162, 163, 164, 165, 166, 167, 170, 171, 172, 174, 175, 176, 179, 180, 181, 182, 183, 186, 191, 348, 349, 454, 455, 557, 558, 595, 596, 626, 627, 654, 655, 682, 683, 715, 716, 748, 749, 784, 785, 820, 821], "summary": {"covered_lines": 134, "num_statements": 134, "percent_covered": 100.0, "percent_covered_display": "100", "missing_lines": 0, "excluded_lines": 0}, "missing_lines": [], "excluded_lines": []}}, "classes": {"InstanceConfigCreate": {"executed_lines": [], "summary": {"covered_lines": 0, "num_statements": 0, "percent_covered": 100.0, "percent_covered_display": "100", "missing_lines": 0, "excluded_lines": 0}, "missing_lines": [], "excluded_lines": []}, "InstanceConfigUpdate": {"executed_lines": [], "summary": {"covered_lines": 0, "num_statements": 0, "percent_covered": 100.0, "percent_covered_display": "100", "missing_lines": 0, "excluded_lines": 0}, "missing_lines": [], "excluded_lines": []}, "EvolutionStatusInfo": {"executed_lines": [], "summary": {"covered_lines": 0, "num_statements": 0, "percent_covered": 100.0, "percent_covered_display": "100", "missing_lines": 0, "excluded_lines": 0}, "missing_lines": [], "excluded_lines": []}, "InstanceConfigResponse": {"executed_lines": [], "summary": {"covered_lines": 0, "num_statements": 0, "percent_covered": 100.0, "percent_covered_display": "100", "missing_lines": 0, "excluded_lines": 0}, "missing_lines": [], "excluded_lines": []}, "": {"executed_lines": [1, 5, 6, 7, 8, 9, 10, 11, 13, 14, 15, 16, 17, 18, 20, 22, 25, 30, 36, 37, 38, 50, 51, 53, 54, 57, 58, 59, 60, 61, 64, 65, 66, 67, 68, 69, 72, 73, 74, 77, 78, 79, 80, 81, 84, 85, 88, 91, 92, 93, 96, 97, 99, 100, 101, 102, 103, 104, 107, 108, 109, 110, 111, 112, 114, 115, 116, 117, 118, 119, 120, 123, 124, 125, 126, 129, 130, 132, 133, 134, 135, 136, 137, 140, 141, 143, 144, 145, 146, 147, 148, 149, 150, 153, 154, 155, 156, 157, 158, 160, 161, 162, 163, 164, 165, 166, 167, 170, 171, 172, 174, 175, 176, 179, 180, 181, 182, 183, 186, 191, 199, 200, 202, 203, 208, 209, 214, 216, 219, 225, 226, 237, 249, 250, 253, 256, 257, 261, 262, 268, 269, 270, 276, 277, 282, 286, 289, 292, 293, 295, 296, 298, 299, 300, 301, 304, 305, 306, 314, 318, 319, 320, 323, 326, 328, 330, 331, 332, 336, 338, 339, 340, 345, 348, 349, 357, 359, 360, 361, 372, 373, 375, 413, 414, 449, 451, 454, 455, 462, 463, 464, 470, 508, 509, 510, 520, 521, 554, 557, 558, 565, 566, 573, 576, 577, 580, 586, 587, 589, 590, 592, 595, 596, 602, 603, 604, 610, 611, 612, 613, 614, 620, 621, 623, 626, 627, 633, 634, 635, 641, 642, 643, 644, 654, 655, 661, 662, 669, 670, 671, 672, 673, 675, 676, 682, 683, 715, 716, 748, 749, 755, 756, 757, 763, 764, 765, 768, 769, 771, 784, 785, 791, 792, 799, 800, 801, 804, 805, 807, 820, 821, 826, 828, 830, 832, 833, 834, 835, 837, 860], "summary": {"covered_lines": 275, "num_statements": 372, "percent_covered": 73.9247311827957, "percent_covered_display": "74", "missing_lines": 97, "excluded_lines": 0}, "missing_lines": [42, 43, 215, 220, 232, 243, 278, 279, 283, 294, 315, 324, 362, 363, 365, 368, 369, 418, 421, 422, 424, 427, 428, 431, 432, 433, 441, 445, 446, 447, 511, 512, 514, 517, 518, 525, 526, 527, 529, 532, 533, 536, 537, 538, 546, 550, 551, 552, 567, 581, 615, 616, 645, 646, 647, 648, 663, 674, 689, 690, 691, 697, 698, 699, 702, 703, 705, 706, 707, 708, 709, 722, 723, 724, 730, 731, 732, 735, 736, 738, 739, 740, 741, 742, 775, 776, 777, 778, 793, 811, 812, 813, 814, 847, 849, 865, 866], "excluded_lines": []}}}, "src/api/routes/messages.py": {"executed_lines": [1, 6, 7, 8, 9, 10, 12, 13, 14, 15, 18, 19, 28, 29, 36, 37, 39, 40, 44, 45, 48, 52, 56, 59, 67, 68, 70, 71, 72, 73, 74, 75, 76, 77, 80, 81, 83, 84, 85, 86, 89, 90, 92, 93, 94, 95, 98, 99, 101, 102, 103, 104, 105, 108, 109, 111, 112, 113, 116, 117, 119, 120, 121, 122, 125, 126, 128, 129, 132, 133, 135, 138, 139, 141, 142, 143, 144, 145, 148, 177, 184, 219, 220, 223, 232, 235, 246, 249, 250, 253, 254, 256, 259, 265, 277, 279, 281, 284, 287, 288, 290, 291, 294, 304, 310, 312, 313, 314, 317, 323, 335, 337, 339, 342, 349, 352, 355, 364, 366, 375, 376, 384, 386, 388, 391, 398, 401, 404, 405, 407, 416, 417, 457, 458, 466, 468, 470, 473, 476, 477, 478, 486, 487, 490, 491, 493, 502, 503, 511, 513, 515, 518, 521, 526, 528, 537, 538, 546, 548, 550, 553, 556, 558, 567, 568], "summary": {"covered_lines": 154, "num_statements": 235, "percent_covered": 65.53191489361703, "percent_covered_display": "66", "missing_lines": 81, "excluded_lines": 0}, "missing_lines": [20, 22, 23, 24, 25, 178, 186, 187, 188, 189, 192, 193, 194, 195, 198, 199, 201, 202, 203, 204, 207, 208, 209, 210, 213, 224, 225, 229, 311, 343, 368, 369, 370, 371, 372, 392, 409, 410, 411, 412, 413, 425, 427, 429, 432, 433, 439, 442, 445, 446, 448, 450, 451, 452, 453, 454, 495, 496, 497, 498, 499, 530, 531, 532, 533, 534, 560, 561, 562, 563, 564, 576, 578, 580, 583, 585, 587, 588, 589, 590, 591], "excluded_lines": [], "functions": {"_resolve_recipient": {"executed_lines": [177, 184, 219, 220, 223, 232], "summary": {"covered_lines": 6, "num_statements": 29, "percent_covered": 20.689655172413794, "percent_covered_display": "21", "missing_lines": 23, "excluded_lines": 0}, "missing_lines": [178, 186, 187, 188, 189, 192, 193, 194, 195, 198, 199, 201, 202, 203, 204, 207, 208, 209, 210, 213, 224, 225, 229], "excluded_lines": []}, "_format_phone_to_jid": {"executed_lines": [246, 249, 250, 253, 254, 256], "summary": {"covered_lines": 6, "num_statements": 6, "percent_covered": 100.0, "percent_covered_display": "100", "missing_lines": 0, "excluded_lines": 0}, "missing_lines": [], "excluded_lines": []}, "send_text_message": {"executed_lines": [277, 279, 281, 284, 287, 288, 290, 291, 294, 304, 310, 312, 313, 314], "summary": {"covered_lines": 14, "num_statements": 15, "percent_covered": 93.33333333333333, "percent_covered_display": "93", "missing_lines": 1, "excluded_lines": 0}, "missing_lines": [311], "excluded_lines": []}, "send_media_message": {"executed_lines": [335, 337, 339, 342, 349, 352, 355, 364, 366], "summary": {"covered_lines": 9, "num_statements": 15, "percent_covered": 60.0, "percent_covered_display": "60", "missing_lines": 6, "excluded_lines": 0}, "missing_lines": [343, 368, 369, 370, 371, 372], "excluded_lines": []}, "send_audio_message": {"executed_lines": [384, 386, 388, 391, 398, 401, 404, 405, 407], "summary": {"covered_lines": 9, "num_statements": 15, "percent_covered": 60.0, "percent_covered_display": "60", "missing_lines": 6, "excluded_lines": 0}, "missing_lines": [392, 409, 410, 411, 412, 413], "excluded_lines": []}, "send_sticker_message": {"executed_lines": [], "summary": {"covered_lines": 0, "num_statements": 15, "percent_covered": 0.0, "percent_covered_display": "0", "missing_lines": 15, "excluded_lines": 0}, "missing_lines": [425, 427, 429, 432, 433, 439, 442, 445, 446, 448, 450, 451, 452, 453, 454], "excluded_lines": []}, "send_contact_message": {"executed_lines": [466, 468, 470, 473, 476, 477, 478, 486, 487, 490, 491, 493], "summary": {"covered_lines": 12, "num_statements": 17, "percent_covered": 70.58823529411765, "percent_covered_display": "71", "missing_lines": 5, "excluded_lines": 0}, "missing_lines": [495, 496, 497, 498, 499], "excluded_lines": []}, "send_reaction_message": {"executed_lines": [511, 513, 515, 518, 521, 526, 528], "summary": {"covered_lines": 7, "num_statements": 12, "percent_covered": 58.333333333333336, "percent_covered_display": "58", "missing_lines": 5, "excluded_lines": 0}, "missing_lines": [530, 531, 532, 533, 534], "excluded_lines": []}, "fetch_user_profile": {"executed_lines": [546, 548, 550, 553, 556, 558], "summary": {"covered_lines": 6, "num_statements": 11, "percent_covered": 54.54545454545455, "percent_covered_display": "55", "missing_lines": 5, "excluded_lines": 0}, "missing_lines": [560, 561, 562, 563, 564], "excluded_lines": []}, "update_profile_picture": {"executed_lines": [], "summary": {"covered_lines": 0, "num_statements": 10, "percent_covered": 0.0, "percent_covered_display": "0", "missing_lines": 10, "excluded_lines": 0}, "missing_lines": [576, 578, 580, 583, 585, 587, 588, 589, 590, 591], "excluded_lines": []}, "": {"executed_lines": [1, 6, 7, 8, 9, 10, 12, 13, 14, 15, 18, 19, 28, 29, 36, 37, 39, 40, 44, 45, 48, 52, 56, 59, 67, 68, 70, 71, 72, 73, 74, 75, 76, 77, 80, 81, 83, 84, 85, 86, 89, 90, 92, 93, 94, 95, 98, 99, 101, 102, 103, 104, 105, 108, 109, 111, 112, 113, 116, 117, 119, 120, 121, 122, 125, 126, 128, 129, 132, 133, 135, 138, 139, 141, 142, 143, 144, 145, 148, 235, 259, 265, 317, 323, 375, 376, 416, 417, 457, 458, 502, 503, 537, 538, 567, 568], "summary": {"covered_lines": 85, "num_statements": 90, "percent_covered": 94.44444444444444, "percent_covered_display": "94", "missing_lines": 5, "excluded_lines": 0}, "missing_lines": [20, 22, 23, 24, 25], "excluded_lines": []}}, "classes": {"SendTextRequest": {"executed_lines": [], "summary": {"covered_lines": 0, "num_statements": 0, "percent_covered": 100.0, "percent_covered_display": "100", "missing_lines": 0, "excluded_lines": 0}, "missing_lines": [], "excluded_lines": []}, "SendMediaRequest": {"executed_lines": [], "summary": {"covered_lines": 0, "num_statements": 0, "percent_covered": 100.0, "percent_covered_display": "100", "missing_lines": 0, "excluded_lines": 0}, "missing_lines": [], "excluded_lines": []}, "SendAudioRequest": {"executed_lines": [], "summary": {"covered_lines": 0, "num_statements": 0, "percent_covered": 100.0, "percent_covered_display": "100", "missing_lines": 0, "excluded_lines": 0}, "missing_lines": [], "excluded_lines": []}, "SendStickerRequest": {"executed_lines": [], "summary": {"covered_lines": 0, "num_statements": 0, "percent_covered": 100.0, "percent_covered_display": "100", "missing_lines": 0, "excluded_lines": 0}, "missing_lines": [], "excluded_lines": []}, "ContactInfo": {"executed_lines": [], "summary": {"covered_lines": 0, "num_statements": 0, "percent_covered": 100.0, "percent_covered_display": "100", "missing_lines": 0, "excluded_lines": 0}, "missing_lines": [], "excluded_lines": []}, "SendContactRequest": {"executed_lines": [], "summary": {"covered_lines": 0, "num_statements": 0, "percent_covered": 100.0, "percent_covered_display": "100", "missing_lines": 0, "excluded_lines": 0}, "missing_lines": [], "excluded_lines": []}, "SendReactionRequest": {"executed_lines": [], "summary": {"covered_lines": 0, "num_statements": 0, "percent_covered": 100.0, "percent_covered_display": "100", "missing_lines": 0, "excluded_lines": 0}, "missing_lines": [], "excluded_lines": []}, "FetchProfileRequest": {"executed_lines": [], "summary": {"covered_lines": 0, "num_statements": 0, "percent_covered": 100.0, "percent_covered_display": "100", "missing_lines": 0, "excluded_lines": 0}, "missing_lines": [], "excluded_lines": []}, "UpdateProfilePictureRequest": {"executed_lines": [], "summary": {"covered_lines": 0, "num_statements": 0, "percent_covered": 100.0, "percent_covered_display": "100", "missing_lines": 0, "excluded_lines": 0}, "missing_lines": [], "excluded_lines": []}, "MessageResponse": {"executed_lines": [], "summary": {"covered_lines": 0, "num_statements": 0, "percent_covered": 100.0, "percent_covered_display": "100", "missing_lines": 0, "excluded_lines": 0}, "missing_lines": [], "excluded_lines": []}, "": {"executed_lines": [1, 6, 7, 8, 9, 10, 12, 13, 14, 15, 18, 19, 28, 29, 36, 37, 39, 40, 44, 45, 48, 52, 56, 59, 67, 68, 70, 71, 72, 73, 74, 75, 76, 77, 80, 81, 83, 84, 85, 86, 89, 90, 92, 93, 94, 95, 98, 99, 101, 102, 103, 104, 105, 108, 109, 111, 112, 113, 116, 117, 119, 120, 121, 122, 125, 126, 128, 129, 132, 133, 135, 138, 139, 141, 142, 143, 144, 145, 148, 177, 184, 219, 220, 223, 232, 235, 246, 249, 250, 253, 254, 256, 259, 265, 277, 279, 281, 284, 287, 288, 290, 291, 294, 304, 310, 312, 313, 314, 317, 323, 335, 337, 339, 342, 349, 352, 355, 364, 366, 375, 376, 384, 386, 388, 391, 398, 401, 404, 405, 407, 416, 417, 457, 458, 466, 468, 470, 473, 476, 477, 478, 486, 487, 490, 491, 493, 502, 503, 511, 513, 515, 518, 521, 526, 528, 537, 538, 546, 548, 550, 553, 556, 558, 567, 568], "summary": {"covered_lines": 154, "num_statements": 235, "percent_covered": 65.53191489361703, "percent_covered_display": "66", "missing_lines": 81, "excluded_lines": 0}, "missing_lines": [20, 22, 23, 24, 25, 178, 186, 187, 188, 189, 192, 193, 194, 195, 198, 199, 201, 202, 203, 204, 207, 208, 209, 210, 213, 224, 225, 229, 311, 343, 368, 369, 370, 371, 372, 392, 409, 410, 411, 412, 413, 425, 427, 429, 432, 433, 439, 442, 445, 446, 448, 450, 451, 452, 453, 454, 495, 496, 497, 498, 499, 530, 531, 532, 533, 534, 560, 561, 562, 563, 564, 576, 578, 580, 583, 585, 587, 588, 589, 590, 591], "excluded_lines": []}}}, "src/api/routes/omni.py": {"executed_lines": [2, 7, 8, 9, 10, 11, 12, 20, 21, 22, 23, 25, 26, 29, 32, 33, 35, 36, 41, 56, 57, 73, 74, 77, 80, 100, 103, 112, 114, 118, 129, 131, 132, 133, 134, 140, 141, 157, 158, 161, 164, 184, 187, 196, 198, 200, 222, 223, 287, 288, 297, 298, 301, 304, 307, 309, 310, 315, 316, 318, 320, 329, 330, 339, 340, 343, 346, 349, 351, 352, 357, 358, 360, 362], "summary": {"covered_lines": 73, "num_statements": 120, "percent_covered": 60.833333333333336, "percent_covered_display": "61", "missing_lines": 47, "excluded_lines": 0}, "missing_lines": [37, 38, 43, 44, 45, 46, 47, 48, 49, 50, 81, 165, 211, 213, 214, 215, 216, 234, 235, 238, 239, 240, 241, 243, 244, 245, 247, 248, 250, 253, 254, 256, 257, 259, 260, 261, 270, 272, 279, 280, 281, 321, 322, 323, 363, 364, 365], "excluded_lines": [], "functions": {"get_omni_handler": {"executed_lines": [], "summary": {"covered_lines": 0, "num_statements": 8, "percent_covered": 0.0, "percent_covered_display": "0", "missing_lines": 8, "excluded_lines": 0}, "missing_lines": [43, 44, 45, 46, 47, 48, 49, 50], "excluded_lines": []}, "get_omni_contacts": {"executed_lines": [73, 74, 77, 80, 100, 103, 112, 114, 118, 129, 131, 132, 133, 134], "summary": {"covered_lines": 14, "num_statements": 15, "percent_covered": 93.33333333333333, "percent_covered_display": "93", "missing_lines": 1, "excluded_lines": 0}, "missing_lines": [81], "excluded_lines": []}, "get_omni_chats": {"executed_lines": [157, 158, 161, 164, 184, 187, 196, 198, 200], "summary": {"covered_lines": 9, "num_statements": 15, "percent_covered": 60.0, "percent_covered_display": "60", "missing_lines": 6, "excluded_lines": 0}, "missing_lines": [165, 211, 213, 214, 215, 216], "excluded_lines": []}, "get_omni_channels": {"executed_lines": [], "summary": {"covered_lines": 0, "num_statements": 24, "percent_covered": 0.0, "percent_covered_display": "0", "missing_lines": 24, "excluded_lines": 0}, "missing_lines": [234, 235, 238, 239, 240, 241, 243, 244, 245, 247, 248, 250, 253, 254, 256, 257, 259, 260, 261, 270, 272, 279, 280, 281], "excluded_lines": []}, "get_omni_contact_by_id": {"executed_lines": [297, 298, 301, 304, 307, 309, 310, 315, 316, 318, 320], "summary": {"covered_lines": 11, "num_statements": 14, "percent_covered": 78.57142857142857, "percent_covered_display": "79", "missing_lines": 3, "excluded_lines": 0}, "missing_lines": [321, 322, 323], "excluded_lines": []}, "get_omni_chat_by_id": {"executed_lines": [339, 340, 343, 346, 349, 351, 352, 357, 358, 360, 362], "summary": {"covered_lines": 11, "num_statements": 14, "percent_covered": 78.57142857142857, "percent_covered_display": "79", "missing_lines": 3, "excluded_lines": 0}, "missing_lines": [363, 364, 365], "excluded_lines": []}, "": {"executed_lines": [2, 7, 8, 9, 10, 11, 12, 20, 21, 22, 23, 25, 26, 29, 32, 33, 35, 36, 41, 56, 57, 140, 141, 222, 223, 287, 288, 329, 330], "summary": {"covered_lines": 28, "num_statements": 30, "percent_covered": 93.33333333333333, "percent_covered_display": "93", "missing_lines": 2, "excluded_lines": 0}, "missing_lines": [37, 38], "excluded_lines": []}}, "classes": {"": {"executed_lines": [2, 7, 8, 9, 10, 11, 12, 20, 21, 22, 23, 25, 26, 29, 32, 33, 35, 36, 41, 56, 57, 73, 74, 77, 80, 100, 103, 112, 114, 118, 129, 131, 132, 133, 134, 140, 141, 157, 158, 161, 164, 184, 187, 196, 198, 200, 222, 223, 287, 288, 297, 298, 301, 304, 307, 309, 310, 315, 316, 318, 320, 329, 330, 339, 340, 343, 346, 349, 351, 352, 357, 358, 360, 362], "summary": {"covered_lines": 73, "num_statements": 120, "percent_covered": 60.833333333333336, "percent_covered_display": "61", "missing_lines": 47, "excluded_lines": 0}, "missing_lines": [37, 38, 43, 44, 45, 46, 47, 48, 49, 50, 81, 165, 211, 213, 214, 215, 216, 234, 235, 238, 239, 240, 241, 243, 244, 245, 247, 248, 250, 253, 254, 256, 257, 259, 260, 261, 270, 272, 279, 280, 281, 321, 322, 323, 363, 364, 365], "excluded_lines": []}}}, "src/api/routes/traces.py": {"executed_lines": [1, 6, 7, 8, 9, 10, 11, 12, 13, 15, 16, 17, 19, 20, 24, 25, 27, 28, 29, 30, 31, 32, 33, 34, 35, 36, 37, 38, 39, 40, 41, 42, 43, 44, 45, 47, 50, 51, 53, 54, 55, 56, 57, 58, 59, 60, 61, 62, 63, 64, 65, 67, 70, 71, 73, 74, 75, 76, 77, 78, 79, 80, 81, 84, 85, 87, 88, 89, 90, 91, 92, 93, 94, 97, 98, 120, 121, 125, 126, 127, 128, 129, 130, 132, 134, 135, 136, 137, 138, 139, 142, 144, 146, 147, 149, 150, 151, 152, 155, 158, 160, 170, 171, 178, 179, 180, 186, 198, 199, 207, 209, 210, 216, 218, 219, 223, 235, 236, 249, 251, 253, 256, 257, 258, 259, 261, 268, 272, 275, 276, 277, 278, 281, 282, 288, 289, 294, 295, 296, 297, 300, 301, 302, 306, 307, 308, 309, 311, 331, 332, 340, 341, 342, 352, 353], "summary": {"covered_lines": 150, "num_statements": 188, "percent_covered": 79.7872340425532, "percent_covered_display": "80", "missing_lines": 38, "excluded_lines": 0}, "missing_lines": [131, 133, 162, 163, 164, 181, 188, 189, 190, 191, 192, 211, 220, 221, 225, 226, 227, 228, 229, 269, 303, 323, 324, 325, 344, 345, 346, 361, 362, 364, 366, 367, 369, 377, 379, 385, 386, 387], "excluded_lines": [], "functions": {"list_traces": {"executed_lines": [120, 121, 125, 126, 127, 128, 129, 130, 132, 134, 135, 136, 137, 138, 139, 142, 144, 146, 147, 149, 150, 151, 152, 155, 158, 160], "summary": {"covered_lines": 26, "num_statements": 31, "percent_covered": 83.87096774193549, "percent_covered_display": "84", "missing_lines": 5, "excluded_lines": 0}, "missing_lines": [131, 133, 162, 163, 164], "excluded_lines": []}, "get_trace": {"executed_lines": [178, 179, 180, 186], "summary": {"covered_lines": 4, "num_statements": 10, "percent_covered": 40.0, "percent_covered_display": "40", "missing_lines": 6, "excluded_lines": 0}, "missing_lines": [181, 188, 189, 190, 191, 192], "excluded_lines": []}, "get_trace_payloads": {"executed_lines": [207, 209, 210, 216, 218, 219, 223], "summary": {"covered_lines": 7, "num_statements": 15, "percent_covered": 46.666666666666664, "percent_covered_display": "47", "missing_lines": 8, "excluded_lines": 0}, "missing_lines": [211, 220, 221, 225, 226, 227, 228, 229], "excluded_lines": []}, "get_trace_analytics": {"executed_lines": [249, 251, 253, 256, 257, 258, 259, 261, 268, 272, 275, 276, 277, 278, 281, 282, 288, 289, 294, 295, 296, 297, 300, 301, 302, 306, 307, 308, 309, 311], "summary": {"covered_lines": 30, "num_statements": 35, "percent_covered": 85.71428571428571, "percent_covered_display": "86", "missing_lines": 5, "excluded_lines": 0}, "missing_lines": [269, 303, 323, 324, 325], "excluded_lines": []}, "get_traces_by_phone": {"executed_lines": [340, 341, 342], "summary": {"covered_lines": 3, "num_statements": 6, "percent_covered": 50.0, "percent_covered_display": "50", "missing_lines": 3, "excluded_lines": 0}, "missing_lines": [344, 345, 346], "excluded_lines": []}, "cleanup_old_traces": {"executed_lines": [], "summary": {"covered_lines": 0, "num_statements": 11, "percent_covered": 0.0, "percent_covered_display": "0", "missing_lines": 11, "excluded_lines": 0}, "missing_lines": [361, 362, 364, 366, 367, 369, 377, 379, 385, 386, 387], "excluded_lines": []}, "": {"executed_lines": [1, 6, 7, 8, 9, 10, 11, 12, 13, 15, 16, 17, 19, 20, 24, 25, 27, 28, 29, 30, 31, 32, 33, 34, 35, 36, 37, 38, 39, 40, 41, 42, 43, 44, 45, 47, 50, 51, 53, 54, 55, 56, 57, 58, 59, 60, 61, 62, 63, 64, 65, 67, 70, 71, 73, 74, 75, 76, 77, 78, 79, 80, 81, 84, 85, 87, 88, 89, 90, 91, 92, 93, 94, 97, 98, 170, 171, 198, 199, 235, 236, 331, 332, 352, 353], "summary": {"covered_lines": 80, "num_statements": 80, "percent_covered": 100.0, "percent_covered_display": "100", "missing_lines": 0, "excluded_lines": 0}, "missing_lines": [], "excluded_lines": []}}, "classes": {"TraceResponse": {"executed_lines": [], "summary": {"covered_lines": 0, "num_statements": 0, "percent_covered": 100.0, "percent_covered_display": "100", "missing_lines": 0, "excluded_lines": 0}, "missing_lines": [], "excluded_lines": []}, "TracePayloadResponse": {"executed_lines": [], "summary": {"covered_lines": 0, "num_statements": 0, "percent_covered": 100.0, "percent_covered_display": "100", "missing_lines": 0, "excluded_lines": 0}, "missing_lines": [], "excluded_lines": []}, "TraceAnalytics": {"executed_lines": [], "summary": {"covered_lines": 0, "num_statements": 0, "percent_covered": 100.0, "percent_covered_display": "100", "missing_lines": 0, "excluded_lines": 0}, "missing_lines": [], "excluded_lines": []}, "TraceQuery": {"executed_lines": [], "summary": {"covered_lines": 0, "num_statements": 0, "percent_covered": 100.0, "percent_covered_display": "100", "missing_lines": 0, "excluded_lines": 0}, "missing_lines": [], "excluded_lines": []}, "": {"executed_lines": [1, 6, 7, 8, 9, 10, 11, 12, 13, 15, 16, 17, 19, 20, 24, 25, 27, 28, 29, 30, 31, 32, 33, 34, 35, 36, 37, 38, 39, 40, 41, 42, 43, 44, 45, 47, 50, 51, 53, 54, 55, 56, 57, 58, 59, 60, 61, 62, 63, 64, 65, 67, 70, 71, 73, 74, 75, 76, 77, 78, 79, 80, 81, 84, 85, 87, 88, 89, 90, 91, 92, 93, 94, 97, 98, 120, 121, 125, 126, 127, 128, 129, 130, 132, 134, 135, 136, 137, 138, 139, 142, 144, 146, 147, 149, 150, 151, 152, 155, 158, 160, 170, 171, 178, 179, 180, 186, 198, 199, 207, 209, 210, 216, 218, 219, 223, 235, 236, 249, 251, 253, 256, 257, 258, 259, 261, 268, 272, 275, 276, 277, 278, 281, 282, 288, 289, 294, 295, 296, 297, 300, 301, 302, 306, 307, 308, 309, 311, 331, 332, 340, 341, 342, 352, 353], "summary": {"covered_lines": 150, "num_statements": 188, "percent_covered": 79.7872340425532, "percent_covered_display": "80", "missing_lines": 38, "excluded_lines": 0}, "missing_lines": [131, 133, 162, 163, 164, 181, 188, 189, 190, 191, 192, 211, 220, 221, 225, 226, 227, 228, 229, 269, 303, 323, 324, 325, 344, 345, 346, 361, 362, 364, 366, 367, 369, 377, 379, 385, 386, 387], "excluded_lines": []}}}, "src/api/schemas/__init__.py": {"executed_lines": [0], "summary": {"covered_lines": 0, "num_statements": 0, "percent_covered": 100.0, "percent_covered_display": "100", "missing_lines": 0, "excluded_lines": 0}, "missing_lines": [], "excluded_lines": [], "functions": {"": {"executed_lines": [], "summary": {"covered_lines": 0, "num_statements": 0, "percent_covered": 100.0, "percent_covered_display": "100", "missing_lines": 0, "excluded_lines": 0}, "missing_lines": [], "excluded_lines": []}}, "classes": {"": {"executed_lines": [], "summary": {"covered_lines": 0, "num_statements": 0, "percent_covered": 100.0, "percent_covered_display": "100", "missing_lines": 0, "excluded_lines": 0}, "missing_lines": [], "excluded_lines": []}}}, "src/api/schemas/omni.py": {"executed_lines": [2, 3, 4, 5, 8, 9, 11, 12, 16, 17, 19, 20, 21, 22, 23, 26, 27, 29, 30, 31, 32, 36, 37, 40, 41, 42, 43, 46, 47, 48, 49, 52, 55, 56, 60, 61, 64, 65, 66, 67, 68, 71, 72, 73, 74, 77, 78, 79, 82, 85, 86, 90, 91, 94, 95, 96, 99, 100, 103, 104, 105, 106, 109, 110, 113, 114, 117, 120, 121, 125, 126, 128, 129, 130, 131, 132, 135, 136, 139, 142, 143, 145, 146, 147, 148, 149, 152, 153, 156, 159, 160, 162, 163, 164, 167, 171, 172, 174, 175, 176, 177, 178, 181, 182, 184, 185, 186, 187], "summary": {"covered_lines": 97, "num_statements": 97, "percent_covered": 100.0, "percent_covered_display": "100", "missing_lines": 0, "excluded_lines": 0}, "missing_lines": [], "excluded_lines": [], "functions": {"": {"executed_lines": [2, 3, 4, 5, 8, 9, 11, 12, 16, 17, 19, 20, 21, 22, 23, 26, 27, 29, 30, 31, 32, 36, 37, 40, 41, 42, 43, 46, 47, 48, 49, 52, 55, 56, 60, 61, 64, 65, 66, 67, 68, 71, 72, 73, 74, 77, 78, 79, 82, 85, 86, 90, 91, 94, 95, 96, 99, 100, 103, 104, 105, 106, 109, 110, 113, 114, 117, 120, 121, 125, 126, 128, 129, 130, 131, 132, 135, 136, 139, 142, 143, 145, 146, 147, 148, 149, 152, 153, 156, 159, 160, 162, 163, 164, 167, 171, 172, 174, 175, 176, 177, 178, 181, 182, 184, 185, 186, 187], "summary": {"covered_lines": 97, "num_statements": 97, "percent_covered": 100.0, "percent_covered_display": "100", "missing_lines": 0, "excluded_lines": 0}, "missing_lines": [], "excluded_lines": []}}, "classes": {"ChannelType": {"executed_lines": [], "summary": {"covered_lines": 0, "num_statements": 0, "percent_covered": 100.0, "percent_covered_display": "100", "missing_lines": 0, "excluded_lines": 0}, "missing_lines": [], "excluded_lines": []}, "OmniContactStatus": {"executed_lines": [], "summary": {"covered_lines": 0, "num_statements": 0, "percent_covered": 100.0, "percent_covered_display": "100", "missing_lines": 0, "excluded_lines": 0}, "missing_lines": [], "excluded_lines": []}, "OmniChatType": {"executed_lines": [], "summary": {"covered_lines": 0, "num_statements": 0, "percent_covered": 100.0, "percent_covered_display": "100", "missing_lines": 0, "excluded_lines": 0}, "missing_lines": [], "excluded_lines": []}, "OmniContact": {"executed_lines": [], "summary": {"covered_lines": 0, "num_statements": 0, "percent_covered": 100.0, "percent_covered_display": "100", "missing_lines": 0, "excluded_lines": 0}, "missing_lines": [], "excluded_lines": []}, "OmniChat": {"executed_lines": [], "summary": {"covered_lines": 0, "num_statements": 0, "percent_covered": 100.0, "percent_covered_display": "100", "missing_lines": 0, "excluded_lines": 0}, "missing_lines": [], "excluded_lines": []}, "OmniChannelInfo": {"executed_lines": [], "summary": {"covered_lines": 0, "num_statements": 0, "percent_covered": 100.0, "percent_covered_display": "100", "missing_lines": 0, "excluded_lines": 0}, "missing_lines": [], "excluded_lines": []}, "OmniContactsResponse": {"executed_lines": [], "summary": {"covered_lines": 0, "num_statements": 0, "percent_covered": 100.0, "percent_covered_display": "100", "missing_lines": 0, "excluded_lines": 0}, "missing_lines": [], "excluded_lines": []}, "OmniChatsResponse": {"executed_lines": [], "summary": {"covered_lines": 0, "num_statements": 0, "percent_covered": 100.0, "percent_covered_display": "100", "missing_lines": 0, "excluded_lines": 0}, "missing_lines": [], "excluded_lines": []}, "OmniChannelsResponse": {"executed_lines": [], "summary": {"covered_lines": 0, "num_statements": 0, "percent_covered": 100.0, "percent_covered_display": "100", "missing_lines": 0, "excluded_lines": 0}, "missing_lines": [], "excluded_lines": []}, "OmniErrorDetail": {"executed_lines": [], "summary": {"covered_lines": 0, "num_statements": 0, "percent_covered": 100.0, "percent_covered_display": "100", "missing_lines": 0, "excluded_lines": 0}, "missing_lines": [], "excluded_lines": []}, "OmniErrorResponse": {"executed_lines": [], "summary": {"covered_lines": 0, "num_statements": 0, "percent_covered": 100.0, "percent_covered_display": "100", "missing_lines": 0, "excluded_lines": 0}, "missing_lines": [], "excluded_lines": []}, "": {"executed_lines": [2, 3, 4, 5, 8, 9, 11, 12, 16, 17, 19, 20, 21, 22, 23, 26, 27, 29, 30, 31, 32, 36, 37, 40, 41, 42, 43, 46, 47, 48, 49, 52, 55, 56, 60, 61, 64, 65, 66, 67, 68, 71, 72, 73, 74, 77, 78, 79, 82, 85, 86, 90, 91, 94, 95, 96, 99, 100, 103, 104, 105, 106, 109, 110, 113, 114, 117, 120, 121, 125, 126, 128, 129, 130, 131, 132, 135, 136, 139, 142, 143, 145, 146, 147, 148, 149, 152, 153, 156, 159, 160, 162, 163, 164, 167, 171, 172, 174, 175, 176, 177, 178, 181, 182, 184, 185, 186, 187], "summary": {"covered_lines": 97, "num_statements": 97, "percent_covered": 100.0, "percent_covered_display": "100", "missing_lines": 0, "excluded_lines": 0}, "missing_lines": [], "excluded_lines": []}}}, "src/channels/__init__.py": {"executed_lines": [1, 6, 7, 9, 12, 13, 15, 16, 21, 22, 23, 25, 26], "summary": {"covered_lines": 12, "num_statements": 16, "percent_covered": 75.0, "percent_covered_display": "75", "missing_lines": 4, "excluded_lines": 0}, "missing_lines": [17, 18, 27, 28], "excluded_lines": [], "functions": {"": {"executed_lines": [1, 6, 7, 9, 12, 13, 15, 16, 21, 22, 23, 25, 26], "summary": {"covered_lines": 12, "num_statements": 16, "percent_covered": 75.0, "percent_covered_display": "75", "missing_lines": 4, "excluded_lines": 0}, "missing_lines": [17, 18, 27, 28], "excluded_lines": []}}, "classes": {"": {"executed_lines": [1, 6, 7, 9, 12, 13, 15, 16, 21, 22, 23, 25, 26], "summary": {"covered_lines": 12, "num_statements": 16, "percent_covered": 75.0, "percent_covered_display": "75", "missing_lines": 4, "excluded_lines": 0}, "missing_lines": [17, 18, 27, 28], "excluded_lines": []}}}, "src/channels/base.py": {"executed_lines": [1, 5, 6, 7, 8, 11, 12, 14, 15, 16, 17, 18, 19, 20, 23, 24, 26, 27, 28, 29, 32, 33, 35, 36, 40, 41, 45, 46, 50, 51, 55, 56, 60, 61, 66, 67, 69, 71, 72, 74, 76, 77, 79, 80, 82, 84, 85, 87], "summary": {"covered_lines": 43, "num_statements": 49, "percent_covered": 87.75510204081633, "percent_covered_display": "88", "missing_lines": 6, "excluded_lines": 0}, "missing_lines": [38, 43, 48, 53, 58, 63], "excluded_lines": [], "functions": {"ChannelHandler.create_instance": {"executed_lines": [], "summary": {"covered_lines": 0, "num_statements": 1, "percent_covered": 0.0, "percent_covered_display": "0", "missing_lines": 1, "excluded_lines": 0}, "missing_lines": [38], "excluded_lines": []}, "ChannelHandler.get_qr_code": {"executed_lines": [], "summary": {"covered_lines": 0, "num_statements": 1, "percent_covered": 0.0, "percent_covered_display": "0", "missing_lines": 1, "excluded_lines": 0}, "missing_lines": [43], "excluded_lines": []}, "ChannelHandler.get_status": {"executed_lines": [], "summary": {"covered_lines": 0, "num_statements": 1, "percent_covered": 0.0, "percent_covered_display": "0", "missing_lines": 1, "excluded_lines": 0}, "missing_lines": [48], "excluded_lines": []}, "ChannelHandler.restart_instance": {"executed_lines": [], "summary": {"covered_lines": 0, "num_statements": 1, "percent_covered": 0.0, "percent_covered_display": "0", "missing_lines": 1, "excluded_lines": 0}, "missing_lines": [53], "excluded_lines": []}, "ChannelHandler.logout_instance": {"executed_lines": [], "summary": {"covered_lines": 0, "num_statements": 1, "percent_covered": 0.0, "percent_covered_display": "0", "missing_lines": 1, "excluded_lines": 0}, "missing_lines": [58], "excluded_lines": []}, "ChannelHandler.delete_instance": {"executed_lines": [], "summary": {"covered_lines": 0, "num_statements": 1, "percent_covered": 0.0, "percent_covered_display": "0", "missing_lines": 1, "excluded_lines": 0}, "missing_lines": [63], "excluded_lines": []}, "ChannelHandlerFactory.register_handler": {"executed_lines": [74], "summary": {"covered_lines": 1, "num_statements": 1, "percent_covered": 100.0, "percent_covered_display": "100", "missing_lines": 0, "excluded_lines": 0}, "missing_lines": [], "excluded_lines": []}, "ChannelHandlerFactory.get_handler": {"executed_lines": [79, 80, 82], "summary": {"covered_lines": 3, "num_statements": 3, "percent_covered": 100.0, "percent_covered_display": "100", "missing_lines": 0, "excluded_lines": 0}, "missing_lines": [], "excluded_lines": []}, "ChannelHandlerFactory.get_supported_channels": {"executed_lines": [87], "summary": {"covered_lines": 1, "num_statements": 1, "percent_covered": 100.0, "percent_covered_display": "100", "missing_lines": 0, "excluded_lines": 0}, "missing_lines": [], "excluded_lines": []}, "": {"executed_lines": [1, 5, 6, 7, 8, 11, 12, 14, 15, 16, 17, 18, 19, 20, 23, 24, 26, 27, 28, 29, 32, 33, 35, 36, 40, 41, 45, 46, 50, 51, 55, 56, 60, 61, 66, 67, 69, 71, 72, 76, 77, 84, 85], "summary": {"covered_lines": 38, "num_statements": 38, "percent_covered": 100.0, "percent_covered_display": "100", "missing_lines": 0, "excluded_lines": 0}, "missing_lines": [], "excluded_lines": []}}, "classes": {"QRCodeResponse": {"executed_lines": [], "summary": {"covered_lines": 0, "num_statements": 0, "percent_covered": 100.0, "percent_covered_display": "100", "missing_lines": 0, "excluded_lines": 0}, "missing_lines": [], "excluded_lines": []}, "ConnectionStatus": {"executed_lines": [], "summary": {"covered_lines": 0, "num_statements": 0, "percent_covered": 100.0, "percent_covered_display": "100", "missing_lines": 0, "excluded_lines": 0}, "missing_lines": [], "excluded_lines": []}, "ChannelHandler": {"executed_lines": [], "summary": {"covered_lines": 0, "num_statements": 6, "percent_covered": 0.0, "percent_covered_display": "0", "missing_lines": 6, "excluded_lines": 0}, "missing_lines": [38, 43, 48, 53, 58, 63], "excluded_lines": []}, "ChannelHandlerFactory": {"executed_lines": [74, 79, 80, 82, 87], "summary": {"covered_lines": 5, "num_statements": 5, "percent_covered": 100.0, "percent_covered_display": "100", "missing_lines": 0, "excluded_lines": 0}, "missing_lines": [], "excluded_lines": []}, "": {"executed_lines": [1, 5, 6, 7, 8, 11, 12, 14, 15, 16, 17, 18, 19, 20, 23, 24, 26, 27, 28, 29, 32, 33, 35, 36, 40, 41, 45, 46, 50, 51, 55, 56, 60, 61, 66, 67, 69, 71, 72, 76, 77, 84, 85], "summary": {"covered_lines": 38, "num_statements": 38, "percent_covered": 100.0, "percent_covered_display": "100", "missing_lines": 0, "excluded_lines": 0}, "missing_lines": [], "excluded_lines": []}}}, "src/channels/discord/__init__.py": {"executed_lines": [1, 3, 5, 7, 8, 9, 10, 17], "summary": {"covered_lines": 7, "num_statements": 10, "percent_covered": 70.0, "percent_covered_display": "70", "missing_lines": 3, "excluded_lines": 0}, "missing_lines": [25, 26, 27], "excluded_lines": [], "functions": {"": {"executed_lines": [1, 3, 5, 7, 8, 9, 10, 17], "summary": {"covered_lines": 7, "num_statements": 10, "percent_covered": 70.0, "percent_covered_display": "70", "missing_lines": 3, "excluded_lines": 0}, "missing_lines": [25, 26, 27], "excluded_lines": []}}, "classes": {"": {"executed_lines": [1, 3, 5, 7, 8, 9, 10, 17], "summary": {"covered_lines": 7, "num_statements": 10, "percent_covered": 70.0, "percent_covered_display": "70", "missing_lines": 3, "excluded_lines": 0}, "missing_lines": [25, 26, 27], "excluded_lines": []}}}, "src/channels/discord/bot_manager.py": {"executed_lines": [1, 8, 9, 10, 11, 12, 13, 14, 15, 16, 18, 20, 21, 23, 24, 25, 26, 27, 28, 29, 30, 32, 35, 36, 37, 39, 40, 41, 42, 43, 44, 45, 46, 49, 50, 51, 53, 54, 55, 56, 57, 60, 61, 62, 65, 66, 68, 76, 92, 110, 115, 120, 125, 129, 133, 141, 156, 178, 207, 208, 210, 211, 212, 213, 214, 215, 216, 217, 218, 219, 221, 223, 287, 327, 390, 424, 433, 449, 547, 563, 570, 584, 613, 625, 640, 651, 818, 829, 836, 842, 872, 879, 906, 921, 998, 1021, 1064, 1104, 1122, 1144, 1165], "summary": {"covered_lines": 96, "num_statements": 536, "percent_covered": 17.91044776119403, "percent_covered_display": "18", "missing_lines": 440, "excluded_lines": 0}, "missing_lines": [69, 70, 71, 72, 73, 74, 78, 79, 81, 82, 83, 86, 87, 88, 90, 94, 97, 98, 99, 102, 103, 105, 108, 112, 113, 117, 118, 122, 123, 127, 131, 135, 139, 143, 144, 145, 147, 148, 149, 151, 152, 153, 154, 159, 162, 163, 165, 168, 169, 171, 173, 174, 176, 189, 190, 191, 192, 193, 195, 196, 197, 199, 200, 201, 202, 203, 204, 233, 235, 236, 237, 239, 241, 244, 245, 248, 249, 250, 251, 252, 255, 264, 267, 270, 273, 276, 278, 279, 281, 282, 284, 285, 297, 298, 299, 301, 302, 305, 308, 309, 310, 311, 312, 313, 314, 315, 318, 320, 321, 323, 324, 325, 348, 349, 350, 352, 355, 356, 357, 358, 360, 361, 362, 363, 364, 367, 368, 369, 370, 371, 372, 373, 376, 377, 378, 380, 381, 382, 383, 384, 385, 386, 387, 388, 400, 401, 403, 406, 407, 409, 412, 414, 426, 427, 428, 429, 430, 431, 435, 437, 440, 441, 442, 444, 445, 447, 451, 452, 453, 456, 457, 459, 461, 463, 464, 468, 469, 471, 472, 477, 480, 481, 482, 484, 485, 490, 491, 493, 494, 495, 503, 504, 505, 509, 511, 512, 513, 521, 522, 523, 524, 526, 527, 528, 536, 537, 538, 542, 544, 545, 549, 550, 552, 555, 557, 558, 559, 561, 565, 567, 568, 572, 575, 576, 577, 580, 582, 593, 594, 595, 598, 599, 600, 603, 608, 615, 616, 621, 622, 623, 627, 634, 635, 638, 643, 644, 645, 648, 649, 653, 655, 656, 657, 658, 661, 662, 665, 666, 669, 686, 693, 695, 696, 698, 703, 706, 707, 709, 714, 715, 717, 729, 730, 731, 732, 734, 735, 736, 739, 740, 741, 744, 745, 746, 747, 749, 750, 751, 755, 756, 758, 759, 761, 774, 777, 779, 780, 782, 786, 788, 789, 800, 802, 804, 805, 807, 811, 812, 813, 814, 815, 816, 821, 822, 823, 826, 827, 831, 838, 844, 846, 861, 863, 864, 866, 867, 874, 881, 883, 884, 885, 887, 888, 889, 890, 891, 894, 896, 897, 898, 900, 902, 903, 904, 908, 909, 911, 912, 913, 915, 917, 918, 919, 923, 925, 932, 933, 934, 937, 943, 949, 960, 972, 978, 980, 981, 983, 984, 986, 996, 1001, 1002, 1005, 1008, 1009, 1011, 1014, 1017, 1018, 1019, 1028, 1030, 1033, 1036, 1039, 1042, 1043, 1044, 1047, 1048, 1051, 1052, 1053, 1054, 1057, 1059, 1061, 1062, 1066, 1067, 1068, 1071, 1072, 1073, 1075, 1076, 1082, 1083, 1084, 1085, 1088, 1090, 1098, 1099, 1100, 1101, 1102, 1106, 1107, 1109, 1110, 1111, 1113, 1124, 1125, 1127, 1128, 1129, 1131, 1151, 1153, 1154, 1155, 1161, 1162, 1167, 1174, 1175, 1176, 1183], "excluded_lines": [], "functions": {"AutomagikBot.__init__": {"executed_lines": [], "summary": {"covered_lines": 0, "num_statements": 6, "percent_covered": 0.0, "percent_covered_display": "0", "missing_lines": 6, "excluded_lines": 0}, "missing_lines": [69, 70, 71, 72, 73, 74], "excluded_lines": []}, "AutomagikBot.on_ready": {"executed_lines": [], "summary": {"covered_lines": 0, "num_statements": 9, "percent_covered": 0.0, "percent_covered_display": "0", "missing_lines": 9, "excluded_lines": 0}, "missing_lines": [78, 79, 81, 82, 83, 86, 87, 88, 90], "excluded_lines": []}, "AutomagikBot.on_message": {"executed_lines": [], "summary": {"covered_lines": 0, "num_statements": 8, "percent_covered": 0.0, "percent_covered_display": "0", "missing_lines": 8, "excluded_lines": 0}, "missing_lines": [94, 97, 98, 99, 102, 103, 105, 108], "excluded_lines": []}, "AutomagikBot.on_disconnect": {"executed_lines": [], "summary": {"covered_lines": 0, "num_statements": 2, "percent_covered": 0.0, "percent_covered_display": "0", "missing_lines": 2, "excluded_lines": 0}, "missing_lines": [112, 113], "excluded_lines": []}, "AutomagikBot.on_guild_join": {"executed_lines": [], "summary": {"covered_lines": 0, "num_statements": 2, "percent_covered": 0.0, "percent_covered_display": "0", "missing_lines": 2, "excluded_lines": 0}, "missing_lines": [117, 118], "excluded_lines": []}, "AutomagikBot.on_guild_remove": {"executed_lines": [], "summary": {"covered_lines": 0, "num_statements": 2, "percent_covered": 0.0, "percent_covered_display": "0", "missing_lines": 2, "excluded_lines": 0}, "missing_lines": [122, 123], "excluded_lines": []}, "AutomagikBot.on_interaction": {"executed_lines": [], "summary": {"covered_lines": 0, "num_statements": 1, "percent_covered": 0.0, "percent_covered_display": "0", "missing_lines": 1, "excluded_lines": 0}, "missing_lines": [127], "excluded_lines": []}, "AutomagikBot.on_voice_state_update": {"executed_lines": [], "summary": {"covered_lines": 0, "num_statements": 1, "percent_covered": 0.0, "percent_covered_display": "0", "missing_lines": 1, "excluded_lines": 0}, "missing_lines": [131], "excluded_lines": []}, "AutomagikBot.on_error": {"executed_lines": [], "summary": {"covered_lines": 0, "num_statements": 2, "percent_covered": 0.0, "percent_covered_display": "0", "missing_lines": 2, "excluded_lines": 0}, "missing_lines": [135, 139], "excluded_lines": []}, "AutomagikBot._periodic_heartbeat": {"executed_lines": [], "summary": {"covered_lines": 0, "num_statements": 10, "percent_covered": 0.0, "percent_covered_display": "0", "missing_lines": 10, "excluded_lines": 0}, "missing_lines": [143, 144, 145, 147, 148, 149, 151, 152, 153, 154], "excluded_lines": []}, "AutomagikBot.setup_hook": {"executed_lines": [], "summary": {"covered_lines": 0, "num_statements": 7, "percent_covered": 0.0, "percent_covered_display": "0", "missing_lines": 7, "excluded_lines": 0}, "missing_lines": [159, 162, 163, 168, 169, 173, 174], "excluded_lines": []}, "AutomagikBot.setup_hook.help_command": {"executed_lines": [], "summary": {"covered_lines": 0, "num_statements": 1, "percent_covered": 0.0, "percent_covered_display": "0", "missing_lines": 1, "excluded_lines": 0}, "missing_lines": [165], "excluded_lines": []}, "AutomagikBot.setup_hook.join_voice": {"executed_lines": [], "summary": {"covered_lines": 0, "num_statements": 1, "percent_covered": 0.0, "percent_covered_display": "0", "missing_lines": 1, "excluded_lines": 0}, "missing_lines": [171], "excluded_lines": []}, "AutomagikBot.setup_hook.leave_voice": {"executed_lines": [], "summary": {"covered_lines": 0, "num_statements": 1, "percent_covered": 0.0, "percent_covered_display": "0", "missing_lines": 1, "excluded_lines": 0}, "missing_lines": [176], "excluded_lines": []}, "AutomagikBot.send_channel_message": {"executed_lines": [], "summary": {"covered_lines": 0, "num_statements": 14, "percent_covered": 0.0, "percent_covered_display": "0", "missing_lines": 14, "excluded_lines": 0}, "missing_lines": [189, 190, 191, 192, 193, 195, 196, 197, 199, 200, 201, 202, 203, 204], "excluded_lines": []}, "DiscordBotManager.__init__": {"executed_lines": [211, 212, 213, 214, 215, 216, 217, 218, 219, 221], "summary": {"covered_lines": 10, "num_statements": 10, "percent_covered": 100.0, "percent_covered_display": "100", "missing_lines": 0, "excluded_lines": 0}, "missing_lines": [], "excluded_lines": []}, "DiscordBotManager.start_bot": {"executed_lines": [], "summary": {"covered_lines": 0, "num_statements": 25, "percent_covered": 0.0, "percent_covered_display": "0", "missing_lines": 25, "excluded_lines": 0}, "missing_lines": [233, 235, 236, 237, 239, 241, 244, 245, 248, 249, 250, 251, 252, 255, 264, 267, 270, 273, 276, 278, 279, 281, 282, 284, 285], "excluded_lines": []}, "DiscordBotManager.stop_bot": {"executed_lines": [], "summary": {"covered_lines": 0, "num_statements": 20, "percent_covered": 0.0, "percent_covered_display": "0", "missing_lines": 20, "excluded_lines": 0}, "missing_lines": [297, 298, 299, 301, 302, 305, 308, 309, 310, 311, 312, 313, 314, 315, 318, 320, 321, 323, 324, 325], "excluded_lines": []}, "DiscordBotManager.send_message": {"executed_lines": [], "summary": {"covered_lines": 0, "num_statements": 32, "percent_covered": 0.0, "percent_covered_display": "0", "missing_lines": 32, "excluded_lines": 0}, "missing_lines": [348, 349, 350, 352, 355, 356, 357, 358, 360, 361, 362, 363, 364, 367, 368, 369, 370, 371, 372, 373, 376, 377, 378, 380, 381, 382, 383, 384, 385, 386, 387, 388], "excluded_lines": []}, "DiscordBotManager.get_bot_status": {"executed_lines": [], "summary": {"covered_lines": 0, "num_statements": 8, "percent_covered": 0.0, "percent_covered_display": "0", "missing_lines": 8, "excluded_lines": 0}, "missing_lines": [400, 401, 403, 406, 407, 409, 412, 414], "excluded_lines": []}, "DiscordBotManager.get_all_bot_statuses": {"executed_lines": [], "summary": {"covered_lines": 0, "num_statements": 6, "percent_covered": 0.0, "percent_covered_display": "0", "missing_lines": 6, "excluded_lines": 0}, "missing_lines": [426, 427, 428, 429, 430, 431], "excluded_lines": []}, "DiscordBotManager.shutdown": {"executed_lines": [], "summary": {"covered_lines": 0, "num_statements": 8, "percent_covered": 0.0, "percent_covered_display": "0", "missing_lines": 8, "excluded_lines": 0}, "missing_lines": [435, 437, 440, 441, 442, 444, 445, 447], "excluded_lines": []}, "DiscordBotManager._run_bot": {"executed_lines": [], "summary": {"covered_lines": 0, "num_statements": 44, "percent_covered": 0.0, "percent_covered_display": "0", "missing_lines": 44, "excluded_lines": 0}, "missing_lines": [451, 452, 453, 456, 457, 459, 461, 463, 464, 468, 469, 471, 472, 477, 480, 481, 482, 484, 485, 490, 491, 493, 494, 495, 503, 504, 505, 509, 511, 512, 513, 521, 522, 523, 524, 526, 527, 528, 536, 537, 538, 542, 544, 545], "excluded_lines": []}, "DiscordBotManager._should_skip_connection_attempt": {"executed_lines": [], "summary": {"covered_lines": 0, "num_statements": 8, "percent_covered": 0.0, "percent_covered_display": "0", "missing_lines": 8, "excluded_lines": 0}, "missing_lines": [549, 550, 552, 555, 557, 558, 559, 561], "excluded_lines": []}, "DiscordBotManager._calculate_jittered_backoff": {"executed_lines": [], "summary": {"covered_lines": 0, "num_statements": 3, "percent_covered": 0.0, "percent_covered_display": "0", "missing_lines": 3, "excluded_lines": 0}, "missing_lines": [565, 567, 568], "excluded_lines": []}, "DiscordBotManager._handle_permanent_failure": {"executed_lines": [], "summary": {"covered_lines": 0, "num_statements": 6, "percent_covered": 0.0, "percent_covered_display": "0", "missing_lines": 6, "excluded_lines": 0}, "missing_lines": [572, 575, 576, 577, 580, 582], "excluded_lines": []}, "DiscordBotManager._handle_connection_failure": {"executed_lines": [], "summary": {"covered_lines": 0, "num_statements": 8, "percent_covered": 0.0, "percent_covered_display": "0", "missing_lines": 8, "excluded_lines": 0}, "missing_lines": [593, 594, 595, 598, 599, 600, 603, 608], "excluded_lines": []}, "DiscordBotManager._reset_circuit_breaker": {"executed_lines": [], "summary": {"covered_lines": 0, "num_statements": 5, "percent_covered": 0.0, "percent_covered_display": "0", "missing_lines": 5, "excluded_lines": 0}, "missing_lines": [615, 616, 621, 622, 623], "excluded_lines": []}, "DiscordBotManager._handle_max_retries_exceeded": {"executed_lines": [], "summary": {"covered_lines": 0, "num_statements": 4, "percent_covered": 0.0, "percent_covered_display": "0", "missing_lines": 4, "excluded_lines": 0}, "missing_lines": [627, 634, 635, 638], "excluded_lines": []}, "DiscordBotManager._handle_bot_ready": {"executed_lines": [], "summary": {"covered_lines": 0, "num_statements": 5, "percent_covered": 0.0, "percent_covered_display": "0", "missing_lines": 5, "excluded_lines": 0}, "missing_lines": [643, 644, 645, 648, 649], "excluded_lines": []}, "DiscordBotManager._handle_incoming_message": {"executed_lines": [], "summary": {"covered_lines": 0, "num_statements": 63, "percent_covered": 0.0, "percent_covered_display": "0", "missing_lines": 63, "excluded_lines": 0}, "missing_lines": [653, 655, 656, 657, 658, 661, 662, 665, 666, 669, 686, 693, 695, 696, 698, 703, 706, 707, 709, 714, 715, 717, 729, 730, 731, 732, 734, 735, 736, 739, 740, 741, 744, 745, 746, 747, 749, 750, 751, 755, 756, 758, 759, 761, 774, 777, 779, 780, 782, 786, 788, 789, 800, 802, 804, 805, 807, 811, 812, 813, 814, 815, 816], "excluded_lines": []}, "DiscordBotManager._handle_bot_disconnect": {"executed_lines": [], "summary": {"covered_lines": 0, "num_statements": 5, "percent_covered": 0.0, "percent_covered_display": "0", "missing_lines": 5, "excluded_lines": 0}, "missing_lines": [821, 822, 823, 826, 827], "excluded_lines": []}, "DiscordBotManager._handle_guild_join": {"executed_lines": [], "summary": {"covered_lines": 0, "num_statements": 1, "percent_covered": 0.0, "percent_covered_display": "0", "missing_lines": 1, "excluded_lines": 0}, "missing_lines": [831], "excluded_lines": []}, "DiscordBotManager._handle_guild_remove": {"executed_lines": [], "summary": {"covered_lines": 0, "num_statements": 1, "percent_covered": 0.0, "percent_covered_display": "0", "missing_lines": 1, "excluded_lines": 0}, "missing_lines": [838], "excluded_lines": []}, "DiscordBotManager._handle_interaction": {"executed_lines": [], "summary": {"covered_lines": 0, "num_statements": 7, "percent_covered": 0.0, "percent_covered_display": "0", "missing_lines": 7, "excluded_lines": 0}, "missing_lines": [844, 846, 861, 863, 864, 866, 867], "excluded_lines": []}, "DiscordBotManager._handle_bot_error": {"executed_lines": [], "summary": {"covered_lines": 0, "num_statements": 1, "percent_covered": 0.0, "percent_covered_display": "0", "missing_lines": 1, "excluded_lines": 0}, "missing_lines": [874], "excluded_lines": []}, "DiscordBotManager._handle_voice_join": {"executed_lines": [], "summary": {"covered_lines": 0, "num_statements": 17, "percent_covered": 0.0, "percent_covered_display": "0", "missing_lines": 17, "excluded_lines": 0}, "missing_lines": [881, 883, 884, 885, 887, 888, 889, 890, 891, 894, 896, 897, 898, 900, 902, 903, 904], "excluded_lines": []}, "DiscordBotManager._handle_voice_leave": {"executed_lines": [], "summary": {"covered_lines": 0, "num_statements": 9, "percent_covered": 0.0, "percent_covered_display": "0", "missing_lines": 9, "excluded_lines": 0}, "missing_lines": [908, 909, 911, 912, 913, 915, 917, 918, 919], "excluded_lines": []}, "DiscordBotManager._handle_help_command": {"executed_lines": [], "summary": {"covered_lines": 0, "num_statements": 17, "percent_covered": 0.0, "percent_covered_display": "0", "missing_lines": 17, "excluded_lines": 0}, "missing_lines": [923, 925, 932, 933, 934, 937, 943, 949, 960, 972, 978, 980, 981, 983, 984, 986, 996], "excluded_lines": []}, "DiscordBotManager._cleanup_bot": {"executed_lines": [], "summary": {"covered_lines": 0, "num_statements": 10, "percent_covered": 0.0, "percent_covered_display": "0", "missing_lines": 10, "excluded_lines": 0}, "missing_lines": [1001, 1002, 1005, 1008, 1009, 1011, 1014, 1017, 1018, 1019], "excluded_lines": []}, "DiscordBotManager._start_unix_socket_server": {"executed_lines": [], "summary": {"covered_lines": 0, "num_statements": 18, "percent_covered": 0.0, "percent_covered_display": "0", "missing_lines": 18, "excluded_lines": 0}, "missing_lines": [1028, 1030, 1033, 1036, 1039, 1042, 1043, 1044, 1047, 1048, 1051, 1052, 1053, 1054, 1057, 1059, 1061, 1062], "excluded_lines": []}, "DiscordBotManager._handle_ipc_send_message": {"executed_lines": [], "summary": {"covered_lines": 0, "num_statements": 19, "percent_covered": 0.0, "percent_covered_display": "0", "missing_lines": 19, "excluded_lines": 0}, "missing_lines": [1066, 1067, 1068, 1071, 1072, 1073, 1075, 1076, 1082, 1083, 1084, 1085, 1088, 1090, 1098, 1099, 1100, 1101, 1102], "excluded_lines": []}, "DiscordBotManager._handle_ipc_health_check": {"executed_lines": [], "summary": {"covered_lines": 0, "num_statements": 6, "percent_covered": 0.0, "percent_covered_display": "0", "missing_lines": 6, "excluded_lines": 0}, "missing_lines": [1106, 1107, 1109, 1110, 1111, 1113], "excluded_lines": []}, "DiscordBotManager._handle_ipc_status": {"executed_lines": [], "summary": {"covered_lines": 0, "num_statements": 6, "percent_covered": 0.0, "percent_covered_display": "0", "missing_lines": 6, "excluded_lines": 0}, "missing_lines": [1124, 1125, 1127, 1128, 1129, 1131], "excluded_lines": []}, "create_embed": {"executed_lines": [], "summary": {"covered_lines": 0, "num_statements": 6, "percent_covered": 0.0, "percent_covered_display": "0", "missing_lines": 6, "excluded_lines": 0}, "missing_lines": [1151, 1153, 1154, 1155, 1161, 1162], "excluded_lines": []}, "format_automagik_response": {"executed_lines": [], "summary": {"covered_lines": 0, "num_statements": 5, "percent_covered": 0.0, "percent_covered_display": "0", "missing_lines": 5, "excluded_lines": 0}, "missing_lines": [1167, 1174, 1175, 1176, 1183], "excluded_lines": []}, "": {"executed_lines": [1, 8, 9, 10, 11, 12, 13, 14, 15, 16, 18, 20, 21, 23, 24, 25, 26, 27, 28, 29, 30, 32, 35, 36, 37, 39, 40, 41, 42, 43, 44, 45, 46, 49, 50, 51, 53, 54, 55, 56, 57, 60, 61, 62, 65, 66, 68, 76, 92, 110, 115, 120, 125, 129, 133, 141, 156, 178, 207, 208, 210, 223, 287, 327, 390, 424, 433, 449, 547, 563, 570, 584, 613, 625, 640, 651, 818, 829, 836, 842, 872, 879, 906, 921, 998, 1021, 1064, 1104, 1122, 1144, 1165], "summary": {"covered_lines": 86, "num_statements": 86, "percent_covered": 100.0, "percent_covered_display": "100", "missing_lines": 0, "excluded_lines": 0}, "missing_lines": [], "excluded_lines": []}}, "classes": {"BotStatus": {"executed_lines": [], "summary": {"covered_lines": 0, "num_statements": 0, "percent_covered": 100.0, "percent_covered_display": "100", "missing_lines": 0, "excluded_lines": 0}, "missing_lines": [], "excluded_lines": []}, "CircuitBreakerState": {"executed_lines": [], "summary": {"covered_lines": 0, "num_statements": 0, "percent_covered": 100.0, "percent_covered_display": "100", "missing_lines": 0, "excluded_lines": 0}, "missing_lines": [], "excluded_lines": []}, "AutomagikBot": {"executed_lines": [], "summary": {"covered_lines": 0, "num_statements": 67, "percent_covered": 0.0, "percent_covered_display": "0", "missing_lines": 67, "excluded_lines": 0}, "missing_lines": [69, 70, 71, 72, 73, 74, 78, 79, 81, 82, 83, 86, 87, 88, 90, 94, 97, 98, 99, 102, 103, 105, 108, 112, 113, 117, 118, 122, 123, 127, 131, 135, 139, 143, 144, 145, 147, 148, 149, 151, 152, 153, 154, 159, 162, 163, 165, 168, 169, 171, 173, 174, 176, 189, 190, 191, 192, 193, 195, 196, 197, 199, 200, 201, 202, 203, 204], "excluded_lines": []}, "DiscordBotManager": {"executed_lines": [211, 212, 213, 214, 215, 216, 217, 218, 219, 221], "summary": {"covered_lines": 10, "num_statements": 372, "percent_covered": 2.6881720430107525, "percent_covered_display": "3", "missing_lines": 362, "excluded_lines": 0}, "missing_lines": [233, 235, 236, 237, 239, 241, 244, 245, 248, 249, 250, 251, 252, 255, 264, 267, 270, 273, 276, 278, 279, 281, 282, 284, 285, 297, 298, 299, 301, 302, 305, 308, 309, 310, 311, 312, 313, 314, 315, 318, 320, 321, 323, 324, 325, 348, 349, 350, 352, 355, 356, 357, 358, 360, 361, 362, 363, 364, 367, 368, 369, 370, 371, 372, 373, 376, 377, 378, 380, 381, 382, 383, 384, 385, 386, 387, 388, 400, 401, 403, 406, 407, 409, 412, 414, 426, 427, 428, 429, 430, 431, 435, 437, 440, 441, 442, 444, 445, 447, 451, 452, 453, 456, 457, 459, 461, 463, 464, 468, 469, 471, 472, 477, 480, 481, 482, 484, 485, 490, 491, 493, 494, 495, 503, 504, 505, 509, 511, 512, 513, 521, 522, 523, 524, 526, 527, 528, 536, 537, 538, 542, 544, 545, 549, 550, 552, 555, 557, 558, 559, 561, 565, 567, 568, 572, 575, 576, 577, 580, 582, 593, 594, 595, 598, 599, 600, 603, 608, 615, 616, 621, 622, 623, 627, 634, 635, 638, 643, 644, 645, 648, 649, 653, 655, 656, 657, 658, 661, 662, 665, 666, 669, 686, 693, 695, 696, 698, 703, 706, 707, 709, 714, 715, 717, 729, 730, 731, 732, 734, 735, 736, 739, 740, 741, 744, 745, 746, 747, 749, 750, 751, 755, 756, 758, 759, 761, 774, 777, 779, 780, 782, 786, 788, 789, 800, 802, 804, 805, 807, 811, 812, 813, 814, 815, 816, 821, 822, 823, 826, 827, 831, 838, 844, 846, 861, 863, 864, 866, 867, 874, 881, 883, 884, 885, 887, 888, 889, 890, 891, 894, 896, 897, 898, 900, 902, 903, 904, 908, 909, 911, 912, 913, 915, 917, 918, 919, 923, 925, 932, 933, 934, 937, 943, 949, 960, 972, 978, 980, 981, 983, 984, 986, 996, 1001, 1002, 1005, 1008, 1009, 1011, 1014, 1017, 1018, 1019, 1028, 1030, 1033, 1036, 1039, 1042, 1043, 1044, 1047, 1048, 1051, 1052, 1053, 1054, 1057, 1059, 1061, 1062, 1066, 1067, 1068, 1071, 1072, 1073, 1075, 1076, 1082, 1083, 1084, 1085, 1088, 1090, 1098, 1099, 1100, 1101, 1102, 1106, 1107, 1109, 1110, 1111, 1113, 1124, 1125, 1127, 1128, 1129, 1131], "excluded_lines": []}, "": {"executed_lines": [1, 8, 9, 10, 11, 12, 13, 14, 15, 16, 18, 20, 21, 23, 24, 25, 26, 27, 28, 29, 30, 32, 35, 36, 37, 39, 40, 41, 42, 43, 44, 45, 46, 49, 50, 51, 53, 54, 55, 56, 57, 60, 61, 62, 65, 66, 68, 76, 92, 110, 115, 120, 125, 129, 133, 141, 156, 178, 207, 208, 210, 223, 287, 327, 390, 424, 433, 449, 547, 563, 570, 584, 613, 625, 640, 651, 818, 829, 836, 842, 872, 879, 906, 921, 998, 1021, 1064, 1104, 1122, 1144, 1165], "summary": {"covered_lines": 86, "num_statements": 97, "percent_covered": 88.65979381443299, "percent_covered_display": "89", "missing_lines": 11, "excluded_lines": 0}, "missing_lines": [1151, 1153, 1154, 1155, 1161, 1162, 1167, 1174, 1175, 1176, 1183], "excluded_lines": []}}}, "src/channels/discord/channel_handler.py": {"executed_lines": [1, 6, 7, 8, 9, 10, 11, 12, 13, 14, 15, 16, 19, 20, 21, 24, 25, 26, 28, 29, 30, 31, 32, 35, 36, 38, 41, 42, 44, 46, 48, 50, 62, 63, 100, 102, 104, 106, 108, 109, 111, 114, 115, 116, 118, 119, 134, 162, 164, 189, 192, 193, 194, 198, 201, 205, 206, 208, 209, 217, 218, 220, 221, 222, 223, 236, 238, 240, 241, 245, 246, 260, 262, 264, 268, 271, 276, 277, 278, 280, 281, 282, 285, 287, 292, 309, 315, 319, 320, 321, 323, 324, 325, 340, 341, 342, 343, 344, 345, 346, 347, 353, 354, 355, 356, 357, 359, 362, 364, 365, 377, 381, 424, 425, 426, 431, 432, 433, 454, 455, 456, 465, 466, 467, 476, 500, 511, 512, 613, 659, 701, 723, 746, 769], "summary": {"covered_lines": 130, "num_statements": 349, "p
[...]
: {"executed_lines": [18, 19, 20], "summary": {"covered_lines": 3, "num_statements": 9, "percent_covered": 33.333333333333336, "percent_covered_display": "33", "missing_lines": 6, "excluded_lines": 0}, "missing_lines": [23, 24, 25, 26, 27, 32], "excluded_lines": []}, "": {"executed_lines": [1, 3, 4, 5, 8, 9, 11, 14, 15, 17, 22, 35, 41, 42, 43, 46, 48], "summary": {"covered_lines": 14, "num_statements": 15, "percent_covered": 93.33333333333333, "percent_covered_display": "93", "missing_lines": 1, "excluded_lines": 0}, "missing_lines": [44], "excluded_lines": []}}}, "src/utils/health_check.py": {"executed_lines": [1, 3, 4, 5, 8, 11, 57], "summary": {"covered_lines": 6, "num_statements": 34, "percent_covered": 17.647058823529413, "percent_covered_display": "18", "missing_lines": 28, "excluded_lines": 0}, "missing_lines": [27, 28, 30, 32, 33, 34, 35, 36, 37, 38, 39, 40, 42, 44, 45, 48, 49, 50, 51, 54, 68, 70, 71, 72, 73, 74, 75, 76], "excluded_lines": [], "functions": {"wait_for_api_health": {"executed_lines": [], "summary": {"covered_lines": 0, "num_statements": 20, "percent_covered": 0.0, "percent_covered_display": "0", "missing_lines": 20, "excluded_lines": 0}, "missing_lines": [27, 28, 30, 32, 33, 34, 35, 36, 37, 38, 39, 40, 42, 44, 45, 48, 49, 50, 51, 54], "excluded_lines": []}, "check_port_available": {"executed_lines": [], "summary": {"covered_lines": 0, "num_statements": 8, "percent_covered": 0.0, "percent_covered_display": "0", "missing_lines": 8, "excluded_lines": 0}, "missing_lines": [68, 70, 71, 72, 73, 74, 75, 76], "excluded_lines": []}, "": {"executed_lines": [1, 3, 4, 5, 8, 11, 57], "summary": {"covered_lines": 6, "num_statements": 6, "percent_covered": 100.0, "percent_covered_display": "100", "missing_lines": 0, "excluded_lines": 0}, "missing_lines": [], "excluded_lines": []}}, "classes": {"": {"executed_lines": [1, 3, 4, 5, 8, 11, 57], "summary": {"covered_lines": 6, "num_statements": 34, "percent_covered": 17.647058823529413, "percent_covered_display": "18", "missing_lines": 28, "excluded_lines": 0}, "missing_lines": [27, 28, 30, 32, 33, 34, 35, 36, 37, 38, 39, 40, 42, 44, 45, 48, 49, 50, 51, 54, 68, 70, 71, 72, 73, 74, 75, 76], "excluded_lines": []}}}, "src/utils/health_monitor.py": {"executed_lines": [1, 3, 4, 5, 6, 7, 8, 11, 14, 15, 16, 18, 19, 20, 21, 22, 23, 26, 27, 29, 48, 54, 60, 83, 88, 97, 108, 149], "summary": {"covered_lines": 25, "num_statements": 90, "percent_covered": 27.77777777777778, "percent_covered_display": "28", "missing_lines": 65, "excluded_lines": 0}, "missing_lines": [37, 38, 39, 40, 41, 42, 43, 44, 45, 46, 50, 51, 52, 56, 57, 58, 62, 63, 66, 67, 68, 69, 70, 72, 74, 85, 86, 90, 91, 93, 94, 95, 99, 100, 101, 102, 103, 104, 105, 106, 110, 112, 113, 114, 117, 118, 119, 120, 121, 122, 123, 125, 126, 127, 130, 133, 137, 140, 142, 144, 145, 146, 147, 151, 152], "excluded_lines": [], "functions": {"HealthMonitor.__init__": {"executed_lines": [], "summary": {"covered_lines": 0, "num_statements": 10, "percent_covered": 0.0, "percent_covered_display": "0", "missing_lines": 10, "excluded_lines": 0}, "missing_lines": [37, 38, 39, 40, 41, 42, 43, 44, 45, 46], "excluded_lines": []}, "HealthMonitor.heartbeat": {"executed_lines": [], "summary": {"covered_lines": 0, "num_statements": 3, "percent_covered": 0.0, "percent_covered_display": "0", "missing_lines": 3, "excluded_lines": 0}, "missing_lines": [50, 51, 52], "excluded_lines": []}, "HealthMonitor.record_error": {"executed_lines": [], "summary": {"covered_lines": 0, "num_statements": 3, "percent_covered": 0.0, "percent_covered_display": "0", "missing_lines": 3, "excluded_lines": 0}, "missing_lines": [56, 57, 58], "excluded_lines": []}, "HealthMonitor.get_status": {"executed_lines": [], "summary": {"covered_lines": 0, "num_statements": 9, "percent_covered": 0.0, "percent_covered_display": "0", "missing_lines": 9, "excluded_lines": 0}, "missing_lines": [62, 63, 66, 67, 68, 69, 70, 72, 74], "excluded_lines": []}, "HealthMonitor.register_callback": {"executed_lines": [], "summary": {"covered_lines": 0, "num_statements": 2, "percent_covered": 0.0, "percent_covered_display": "0", "missing_lines": 2, "excluded_lines": 0}, "missing_lines": [85, 86], "excluded_lines": []}, "HealthMonitor.start_monitoring": {"executed_lines": [], "summary": {"covered_lines": 0, "num_statements": 5, "percent_covered": 0.0, "percent_covered_display": "0", "missing_lines": 5, "excluded_lines": 0}, "missing_lines": [90, 91, 93, 94, 95], "excluded_lines": []}, "HealthMonitor.stop_monitoring": {"executed_lines": [], "summary": {"covered_lines": 0, "num_statements": 8, "percent_covered": 0.0, "percent_covered_display": "0", "missing_lines": 8, "excluded_lines": 0}, "missing_lines": [99, 100, 101, 102, 103, 104, 105, 106], "excluded_lines": []}, "HealthMonitor._monitor_loop": {"executed_lines": [], "summary": {"covered_lines": 0, "num_statements": 23, "percent_covered": 0.0, "percent_covered_display": "0", "missing_lines": 23, "excluded_lines": 0}, "missing_lines": [110, 112, 113, 114, 117, 118, 119, 120, 121, 122, 123, 125, 126, 127, 130, 133, 137, 140, 142, 144, 145, 146, 147], "excluded_lines": []}, "HealthMonitor.cleanup": {"executed_lines": [], "summary": {"covered_lines": 0, "num_statements": 2, "percent_covered": 0.0, "percent_covered_display": "0", "missing_lines": 2, "excluded_lines": 0}, "missing_lines": [151, 152], "excluded_lines": []}, "": {"executed_lines": [1, 3, 4, 5, 6, 7, 8, 11, 14, 15, 16, 18, 19, 20, 21, 22, 23, 26, 27, 29, 48, 54, 60, 83, 88, 97, 108, 149], "summary": {"covered_lines": 25, "num_statements": 25, "percent_covered": 100.0, "percent_covered_display": "100", "missing_lines": 0, "excluded_lines": 0}, "missing_lines": [], "excluded_lines": []}}, "classes": {"HealthStatus": {"executed_lines": [], "summary": {"covered_lines": 0, "num_statements": 0, "percent_covered": 100.0, "percent_covered_display": "100", "missing_lines": 0, "excluded_lines": 0}, "missing_lines": [], "excluded_lines": []}, "HealthMonitor": {"executed_lines": [], "summary": {"covered_lines": 0, "num_statements": 65, "percent_covered": 0.0, "percent_covered_display": "0", "missing_lines": 65, "excluded_lines": 0}, "missing_lines": [37, 38, 39, 40, 41, 42, 43, 44, 45, 46, 50, 51, 52, 56, 57, 58, 62, 63, 66, 67, 68, 69, 70, 72, 74, 85, 86, 90, 91, 93, 94, 95, 99, 100, 101, 102, 103, 104, 105, 106, 110, 112, 113, 114, 117, 118, 119, 120, 121, 122, 123, 125, 126, 127, 130, 133, 137, 140, 142, 144, 145, 146, 147, 151, 152], "excluded_lines": []}, "": {"executed_lines": [1, 3, 4, 5, 6, 7, 8, 11, 14, 15, 16, 18, 19, 20, 21, 22, 23, 26, 27, 29, 48, 54, 60, 83, 88, 97, 108, 149], "summary": {"covered_lines": 25, "num_statements": 25, "percent_covered": 100.0, "percent_covered_display": "100", "missing_lines": 0, "excluded_lines": 0}, "missing_lines": [], "excluded_lines": []}}}, "src/utils/instance_utils.py": {"executed_lines": [1, 5, 6, 8, 11, 28, 32, 33, 36, 39, 42, 45, 49, 54, 55, 58], "summary": {"covered_lines": 15, "num_statements": 32, "percent_covered": 46.875, "percent_covered_display": "47", "missing_lines": 17, "excluded_lines": 0}, "missing_lines": [29, 46, 50, 52, 68, 69, 71, 72, 74, 75, 78, 79, 85, 86, 89, 90, 92], "excluded_lines": [], "functions": {"normalize_instance_name": {"executed_lines": [28, 32, 33, 36, 39, 42, 45, 49, 54, 55], "summary": {"covered_lines": 10, "num_statements": 14, "percent_covered": 71.42857142857143, "percent_covered_display": "71", "missing_lines": 4, "excluded_lines": 0}, "missing_lines": [29, 46, 50, 52], "excluded_lines": []}, "validate_instance_name": {"executed_lines": [], "summary": {"covered_lines": 0, "num_statements": 13, "percent_covered": 0.0, "percent_covered_display": "0", "missing_lines": 13, "excluded_lines": 0}, "missing_lines": [68, 69, 71, 72, 74, 75, 78, 79, 85, 86, 89, 90, 92], "excluded_lines": []}, "": {"executed_lines": [1, 5, 6, 8, 11, 58], "summary": {"covered_lines": 5, "num_statements": 5, "percent_covered": 100.0, "percent_covered_display": "100", "missing_lines": 0, "excluded_lines": 0}, "missing_lines": [], "excluded_lines": []}}, "classes": {"": {"executed_lines": [1, 5, 6, 8, 11, 28, 32, 33, 36, 39, 42, 45, 49, 54, 55, 58], "summary": {"covered_lines": 15, "num_statements": 32, "percent_covered": 46.875, "percent_covered_display": "47", "missing_lines": 17, "excluded_lines": 0}, "missing_lines": [29, 46, 50, 52, 68, 69, 71, 72, 74, 75, 78, 79, 85, 86, 89, 90, 92], "excluded_lines": []}}}, "src/utils/rate_limiter.py": {"executed_lines": [1, 3, 4, 5, 6, 7, 10, 11, 12, 14, 15, 16, 17, 20, 21, 23, 38, 48, 66, 101, 116, 121, 140, 152], "summary": {"covered_lines": 21, "num_statements": 70, "percent_covered": 30.0, "percent_covered_display": "30", "missing_lines": 49, "excluded_lines": 0}, "missing_lines": [32, 33, 34, 35, 36, 40, 43, 44, 46, 50, 51, 54, 55, 57, 58, 59, 61, 62, 64, 76, 79, 82, 83, 89, 92, 95, 96, 97, 99, 113, 114, 118, 119, 128, 129, 131, 132, 133, 136, 137, 138, 142, 145, 146, 149, 150, 154, 155, 157], "excluded_lines": [], "functions": {"RateLimiter.__init__": {"executed_lines": [], "summary": {"covered_lines": 0, "num_statements": 5, "percent_covered": 0.0, "percent_covered_display": "0", "missing_lines": 5, "excluded_lines": 0}, "missing_lines": [32, 33, 34, 35, 36], "excluded_lines": []}, "RateLimiter._cleanup_old_requests": {"executed_lines": [], "summary": {"covered_lines": 0, "num_statements": 4, "percent_covered": 0.0, "percent_covered_display": "0", "missing_lines": 4, "excluded_lines": 0}, "missing_lines": [40, 43, 44, 46], "excluded_lines": []}, "RateLimiter._global_cleanup": {"executed_lines": [], "summary": {"covered_lines": 0, "num_statements": 10, "percent_covered": 0.0, "percent_covered_display": "0", "missing_lines": 10, "excluded_lines": 0}, "missing_lines": [50, 51, 54, 55, 57, 58, 59, 61, 62, 64], "excluded_lines": []}, "RateLimiter.is_allowed": {"executed_lines": [], "summary": {"covered_lines": 0, "num_statements": 10, "percent_covered": 0.0, "percent_covered_display": "0", "missing_lines": 10, "excluded_lines": 0}, "missing_lines": [76, 79, 82, 83, 89, 92, 95, 96, 97, 99], "excluded_lines": []}, "RateLimiter.check_rate_limit": {"executed_lines": [], "summary": {"covered_lines": 0, "num_statements": 2, "percent_covered": 0.0, "percent_covered_display": "0", "missing_lines": 2, "excluded_lines": 0}, "missing_lines": [113, 114], "excluded_lines": []}, "RateLimiter.reset": {"executed_lines": [], "summary": {"covered_lines": 0, "num_statements": 2, "percent_covered": 0.0, "percent_covered_display": "0", "missing_lines": 2, "excluded_lines": 0}, "missing_lines": [118, 119], "excluded_lines": []}, "RateLimiter.get_remaining_time": {"executed_lines": [], "summary": {"covered_lines": 0, "num_statements": 8, "percent_covered": 0.0, "percent_covered_display": "0", "missing_lines": 8, "excluded_lines": 0}, "missing_lines": [128, 129, 131, 132, 133, 136, 137, 138], "excluded_lines": []}, "RateLimiter.cleanup": {"executed_lines": [], "summary": {"covered_lines": 0, "num_statements": 5, "percent_covered": 0.0, "percent_covered_display": "0", "missing_lines": 5, "excluded_lines": 0}, "missing_lines": [142, 145, 146, 149, 150], "excluded_lines": []}, "RateLimiter.get_stats": {"executed_lines": [], "summary": {"covered_lines": 0, "num_statements": 3, "percent_covered": 0.0, "percent_covered_display": "0", "missing_lines": 3, "excluded_lines": 0}, "missing_lines": [154, 155, 157], "excluded_lines": []}, "": {"executed_lines": [1, 3, 4, 5, 6, 7, 10, 11, 12, 14, 15, 16, 17, 20, 21, 23, 38, 48, 66, 101, 116, 121, 140, 152], "summary": {"covered_lines": 21, "num_statements": 21, "percent_covered": 100.0, "percent_covered_display": "100", "missing_lines": 0, "excluded_lines": 0}, "missing_lines": [], "excluded_lines": []}}, "classes": {"RateLimitWindow": {"executed_lines": [], "summary": {"covered_lines": 0, "num_statements": 0, "percent_covered": 100.0, "percent_covered_display": "100", "missing_lines": 0, "excluded_lines": 0}, "missing_lines": [], "excluded_lines": []}, "RateLimiter": {"executed_lines": [], "summary": {"covered_lines": 0, "num_statements": 49, "percent_covered": 0.0, "percent_covered_display": "0", "missing_lines": 49, "excluded_lines": 0}, "missing_lines": [32, 33, 34, 35, 36, 40, 43, 44, 46, 50, 51, 54, 55, 57, 58, 59, 61, 62, 64, 76, 79, 82, 83, 89, 92, 95, 96, 97, 99, 113, 114, 118, 119, 128, 129, 131, 132, 133, 136, 137, 138, 142, 145, 146, 149, 150, 154, 155, 157], "excluded_lines": []}, "": {"executed_lines": [1, 3, 4, 5, 6, 7, 10, 11, 12, 14, 15, 16, 17, 20, 21, 23, 38, 48, 66, 101, 116, 121, 140, 152], "summary": {"covered_lines": 21, "num_statements": 21, "percent_covered": 100.0, "percent_covered_display": "100", "missing_lines": 0, "excluded_lines": 0}, "missing_lines": [], "excluded_lines": []}}}, "src/utils/test_capture.py": {"executed_lines": [1, 6, 7, 8, 9, 10, 12, 15, 16, 18, 24, 25, 26, 28, 30, 31, 37, 42, 47, 134, 160, 192, 212, 262, 272, 295], "summary": {"covered_lines": 24, "num_statements": 136, "percent_covered": 17.647058823529413, "percent_covered_display": "18", "missing_lines": 112, "excluded_lines": 0}, "missing_lines": [32, 33, 34, 35, 39, 40, 44, 45, 57, 58, 60, 62, 63, 64, 67, 68, 69, 70, 73, 74, 84, 86, 87, 88, 91, 92, 93, 96, 110, 111, 113, 114, 116, 117, 118, 119, 122, 123, 126, 128, 130, 131, 132, 136, 137, 139, 145, 148, 149, 150, 151, 152, 153, 154, 155, 156, 158, 162, 163, 164, 167, 170, 186, 187, 188, 190, 194, 197, 198, 199, 200, 201, 202, 203, 204, 207, 208, 210, 214, 217, 224, 225, 226, 229, 238, 239, 240, 241, 244, 245, 246, 247, 248, 251, 252, 253, 254, 255, 257, 258, 260, 264, 265, 267, 274, 275, 282, 283, 286, 288, 290, 291], "excluded_lines": [], "functions": {"TestCapture.__init__": {"executed_lines": [24, 25, 26], "summary": {"covered_lines": 3, "num_statements": 3, "percent_covered": 100.0, "percent_covered_display": "100", "missing_lines": 0, "excluded_lines": 0}, "missing_lines": [], "excluded_lines": []}, "TestCapture._ensure_directory_exists": {"executed_lines": [30, 31], "summary": {"covered_lines": 2, "num_statements": 6, "percent_covered": 33.333333333333336, "percent_covered_display": "33", "missing_lines": 4, "excluded_lines": 0}, "missing_lines": [32, 33, 34, 35], "excluded_lines": []}, "TestCapture.enable_capture": {"executed_lines": [], "summary": {"covered_lines": 0, "num_statements": 2, "percent_covered": 0.0, "percent_covered_display": "0", "missing_lines": 2, "excluded_lines": 0}, "missing_lines": [39, 40], "excluded_lines": []}, "TestCapture.disable_capture": {"executed_lines": [], "summary": {"covered_lines": 0, "num_statements": 2, "percent_covered": 0.0, "percent_covered_display": "0", "missing_lines": 2, "excluded_lines": 0}, "missing_lines": [44, 45], "excluded_lines": []}, "TestCapture.capture_media_message": {"executed_lines": [], "summary": {"covered_lines": 0, "num_statements": 35, "percent_covered": 0.0, "percent_covered_display": "0", "missing_lines": 35, "excluded_lines": 0}, "missing_lines": [57, 58, 60, 62, 63, 64, 67, 68, 69, 70, 73, 74, 84, 86, 87, 88, 91, 92, 93, 96, 110, 111, 113, 114, 116, 117, 118, 119, 122, 123, 126, 128, 130, 131, 132], "excluded_lines": []}, "TestCapture._extract_message_type": {"executed_lines": [], "summary": {"covered_lines": 0, "num_statements": 14, "percent_covered": 0.0, "percent_covered_display": "0", "missing_lines": 14, "excluded_lines": 0}, "missing_lines": [136, 137, 139, 145, 148, 149, 150, 151, 152, 153, 154, 155, 156, 158], "excluded_lines": []}, "TestCapture._build_agent_payload": {"executed_lines": [], "summary": {"covered_lines": 0, "num_statements": 9, "percent_covered": 0.0, "percent_covered_display": "0", "missing_lines": 9, "excluded_lines": 0}, "missing_lines": [162, 163, 164, 167, 170, 186, 187, 188, 190], "excluded_lines": []}, "TestCapture._extract_message_content": {"executed_lines": [], "summary": {"covered_lines": 0, "num_statements": 12, "percent_covered": 0.0, "percent_covered_display": "0", "missing_lines": 12, "excluded_lines": 0}, "missing_lines": [194, 197, 198, 199, 200, 201, 202, 203, 204, 207, 208, 210], "excluded_lines": []}, "TestCapture._build_media_contents": {"executed_lines": [], "summary": {"covered_lines": 0, "num_statements": 23, "percent_covered": 0.0, "percent_covered_display": "0", "missing_lines": 23, "excluded_lines": 0}, "missing_lines": [214, 217, 224, 225, 226, 229, 238, 239, 240, 241, 244, 245, 246, 247, 248, 251, 252, 253, 254, 255, 257, 258, 260], "excluded_lines": []}, "TestCapture._build_curl_command": {"executed_lines": [], "summary": {"covered_lines": 0, "num_statements": 3, "percent_covered": 0.0, "percent_covered_display": "0", "missing_lines": 3, "excluded_lines": 0}, "missing_lines": [264, 265, 267], "excluded_lines": []}, "TestCapture._save_curl_script": {"executed_lines": [], "summary": {"covered_lines": 0, "num_statements": 8, "percent_covered": 0.0, "percent_covered_display": "0", "missing_lines": 8, "excluded_lines": 0}, "missing_lines": [274, 275, 282, 283, 286, 288, 290, 291], "excluded_lines": []}, "": {"executed_lines": [1, 6, 7, 8, 9, 10, 12, 15, 16, 18, 28, 37, 42, 47, 134, 160, 192, 212, 262, 272, 295], "summary": {"covered_lines": 19, "num_statements": 19, "percent_covered": 100.0, "percent_covered_display": "100", "missing_lines": 0, "excluded_lines": 0}, "missing_lines": [], "excluded_lines": []}}, "classes": {"TestCapture": {"executed_lines": [24, 25, 26, 30, 31], "summary": {"covered_lines": 5, "num_statements": 117, "percent_covered": 4.273504273504273, "percent_covered_display": "4", "missing_lines": 112, "excluded_lines": 0}, "missing_lines": [32, 33, 34, 35, 39, 40, 44, 45, 57, 58, 60, 62, 63, 64, 67, 68, 69, 70, 73, 74, 84, 86, 87, 88, 91, 92, 93, 96, 110, 111, 113, 114, 116, 117, 118, 119, 122, 123, 126, 128, 130, 131, 132, 136, 137, 139, 145, 148, 149, 150, 151, 152, 153, 154, 155, 156, 158, 162, 163, 164, 167, 170, 186, 187, 188, 190, 194, 197, 198, 199, 200, 201, 202, 203, 204, 207, 208, 210, 214, 217, 224, 225, 226, 229, 238, 239, 240, 241, 244, 245, 246, 247, 248, 251, 252, 253, 254, 255, 257, 258, 260, 264, 265, 267, 274, 275, 282, 283, 286, 288, 290, 291], "excluded_lines": []}, "": {"executed_lines": [1, 6, 7, 8, 9, 10, 12, 15, 16, 18, 28, 37, 42, 47, 134, 160, 192, 212, 262, 272, 295], "summary": {"covered_lines": 19, "num_statements": 19, "percent_covered": 100.0, "percent_covered_display": "100", "missing_lines": 0, "excluded_lines": 0}, "missing_lines": [], "excluded_lines": []}}}, "src/version.py": {"executed_lines": [1, 8, 11, 21, 22, 28, 35, 36, 42], "summary": {"covered_lines": 8, "num_statements": 12, "percent_covered": 66.66666666666667, "percent_covered_display": "67", "missing_lines": 4, "excluded_lines": 0}, "missing_lines": [23, 25, 37, 38], "excluded_lines": [], "functions": {"get_version": {"executed_lines": [21, 22], "summary": {"covered_lines": 2, "num_statements": 4, "percent_covered": 50.0, "percent_covered_display": "50", "missing_lines": 2, "excluded_lines": 0}, "missing_lines": [23, 25], "excluded_lines": []}, "get_version_safe": {"executed_lines": [35, 36], "summary": {"covered_lines": 2, "num_statements": 4, "percent_covered": 50.0, "percent_covered_display": "50", "missing_lines": 2, "excluded_lines": 0}, "missing_lines": [37, 38], "excluded_lines": []}, "": {"executed_lines": [1, 8, 11, 28, 42], "summary": {"covered_lines": 4, "num_statements": 4, "percent_covered": 100.0, "percent_covered_display": "100", "missing_lines": 0, "excluded_lines": 0}, "missing_lines": [], "excluded_lines": []}}, "classes": {"": {"executed_lines": [1, 8, 11, 21, 22, 28, 35, 36, 42], "summary": {"covered_lines": 8, "num_statements": 12, "percent_covered": 66.66666666666667, "percent_covered_display": "67", "missing_lines": 4, "excluded_lines": 0}, "missing_lines": [23, 25, 37, 38], "excluded_lines": []}}}}, "totals": {"covered_lines": 3906, "num_statements": 11436, "percent_covered": 34.15529905561385, "percent_covered_display": "34", "missing_lines": 7530, "excluded_lines": 4}}